2015-05-14T17:47:53+02:00 CRIT (2): exception 'PDOException' with message 'SQLSTATE[42S22]: Column not found: 1054 Unknown column 'dateFrom' in 'order clause'' in D:\xampp\htdocs\web-ir\koscian\vendor\zendframework\zendframework\library\Zend\Db\Adapter\Driver\Pdo\Statement.php:239
Stack trace:
#0 D:\xampp\htdocs\web-ir\koscian\vendor\zendframework\zendframework\library\Zend\Db\Adapter\Driver\Pdo\Statement.php(239): PDOStatement->execute()
#1 D:\xampp\htdocs\web-ir\koscian\vendor\zendframework\zendframework\library\Zend\Db\TableGateway\AbstractTableGateway.php(233): Zend\Db\Adapter\Driver\Pdo\Statement->execute()
#2 D:\xampp\htdocs\web-ir\koscian\vendor\zendframework\zendframework\library\Zend\Db\TableGateway\AbstractTableGateway.php(208): Zend\Db\TableGateway\AbstractTableGateway->executeSelect(Object(Zend\Db\Sql\Select))
#3 D:\xampp\htdocs\web-ir\koscian\vendor\zendframework\zendframework\library\Zend\Db\TableGateway\AbstractTableGateway.php(195): Zend\Db\TableGateway\AbstractTableGateway->selectWith(Object(Zend\Db\Sql\Select))
#4 D:\xampp\htdocs\web-ir\koscian\vendor\cms-ir\cms-ir\src\CmsIr\Post\src\Post\Model\PostTable.php(128): Zend\Db\TableGateway\AbstractTableGateway->select(Object(Closure))
#5 D:\xampp\htdocs\web-ir\koscian\vendor\cms-ir\cms-ir\src\CmsIr\Post\src\Post\Controller\PostController.php(40): CmsIr\Post\Model\PostTable->getPostDatatables(Array, Object(Zend\Stdlib\Parameters), 'news', NULL)
#6 D:\xampp\htdocs\web-ir\koscian\vendor\zendframework\zendframework\library\Zend\Mvc\Controller\AbstractActionController.php(83): CmsIr\Post\Controller\PostController->postListAction()
#7 [internal function]: Zend\Mvc\Controller\AbstractActionController->onDispatch(Object(Zend\Mvc\MvcEvent))
#8 D:\xampp\htdocs\web-ir\koscian\vendor\zendframework\zendframework\library\Zend\EventManager\EventManager.php(468): call_user_func(Array, Object(Zend\Mvc\MvcEvent))
#9 D:\xampp\htdocs\web-ir\koscian\vendor\zendframework\zendframework\library\Zend\EventManager\EventManager.php(207): Zend\EventManager\EventManager->triggerListeners('dispatch', Object(Zend\Mvc\MvcEvent), Object(Closure))
#10 D:\xampp\htdocs\web-ir\koscian\vendor\zendframework\zendframework\library\Zend\Mvc\Controller\AbstractController.php(116): Zend\EventManager\EventManager->trigger('dispatch', Object(Zend\Mvc\MvcEvent), Object(Closure))
#11 D:\xampp\htdocs\web-ir\koscian\vendor\zendframework\zendframework\library\Zend\Mvc\DispatchListener.php(113): Zend\Mvc\Controller\AbstractController->dispatch(Object(Zend\Http\PhpEnvironment\Request), Object(Zend\Http\PhpEnvironment\Response))
#12 [internal function]: Zend\Mvc\DispatchListener->onDispatch(Object(Zend\Mvc\MvcEvent))
#13 D:\xampp\htdocs\web-ir\koscian\vendor\zendframework\zendframework\library\Zend\EventManager\EventManager.php(468): call_user_func(Array, Object(Zend\Mvc\MvcEvent))
#14 D:\xampp\htdocs\web-ir\koscian\vendor\zendframework\zendframework\library\Zend\EventManager\EventManager.php(207): Zend\EventManager\EventManager->triggerListeners('dispatch', Object(Zend\Mvc\MvcEvent), Object(Closure))
#15 D:\xampp\htdocs\web-ir\koscian\vendor\zendframework\zendframework\library\Zend\Mvc\Application.php(313): Zend\EventManager\EventManager->trigger('dispatch', Object(Zend\Mvc\MvcEvent), Object(Closure))
#16 D:\xampp\htdocs\web-ir\koscian\public\index.php(17): Zend\Mvc\Application->run()
#17 {main}

Next exception 'Zend\Db\Adapter\Exception\InvalidQueryException' with message 'Statement could not be executed (42S22 - 1054 - Unknown column 'dateFrom' in 'order clause')' in D:\xampp\htdocs\web-ir\koscian\vendor\zendframework\zendframework\library\Zend\Db\Adapter\Driver\Pdo\Statement.php:244
Stack trace:
#0 D:\xampp\htdocs\web-ir\koscian\vendor\zendframework\zendframework\library\Zend\Db\TableGateway\AbstractTableGateway.php(233): Zend\Db\Adapter\Driver\Pdo\Statement->execute()
#1 D:\xampp\htdocs\web-ir\koscian\vendor\zendframework\zendframework\library\Zend\Db\TableGateway\AbstractTableGateway.php(208): Zend\Db\TableGateway\AbstractTableGateway->executeSelect(Object(Zend\Db\Sql\Select))
#2 D:\xampp\htdocs\web-ir\koscian\vendor\zendframework\zendframework\library\Zend\Db\TableGateway\AbstractTableGateway.php(195): Zend\Db\TableGateway\AbstractTableGateway->selectWith(Object(Zend\Db\Sql\Select))
#3 D:\xampp\htdocs\web-ir\koscian\vendor\cms-ir\cms-ir\src\CmsIr\Post\src\Post\Model\PostTable.php(128): Zend\Db\TableGateway\AbstractTableGateway->select(Object(Closure))
#4 D:\xampp\htdocs\web-ir\koscian\vendor\cms-ir\cms-ir\src\CmsIr\Post\src\Post\Controller\PostController.php(40): CmsIr\Post\Model\PostTable->getPostDatatables(Array, Object(Zend\Stdlib\Parameters), 'news', NULL)
#5 D:\xampp\htdocs\web-ir\koscian\vendor\zendframework\zendframework\library\Zend\Mvc\Controller\AbstractActionController.php(83): CmsIr\Post\Controller\PostController->postListAction()
#6 [internal function]: Zend\Mvc\Controller\AbstractActionController->onDispatch(Object(Zend\Mvc\MvcEvent))
#7 D:\xampp\htdocs\web-ir\koscian\vendor\zendframework\zendframework\library\Zend\EventManager\EventManager.php(468): call_user_func(Array, Object(Zend\Mvc\MvcEvent))
#8 D:\xampp\htdocs\web-ir\koscian\vendor\zendframework\zendframework\library\Zend\EventManager\EventManager.php(207): Zend\EventManager\EventManager->triggerListeners('dispatch', Object(Zend\Mvc\MvcEvent), Object(Closure))
#9 D:\xampp\htdocs\web-ir\koscian\vendor\zendframework\zendframework\library\Zend\Mvc\Controller\AbstractController.php(116): Zend\EventManager\EventManager->trigger('dispatch', Object(Zend\Mvc\MvcEvent), Object(Closure))
#10 D:\xampp\htdocs\web-ir\koscian\vendor\zendframework\zendframework\library\Zend\Mvc\DispatchListener.php(113): Zend\Mvc\Controller\AbstractController->dispatch(Object(Zend\Http\PhpEnvironment\Request), Object(Zend\Http\PhpEnvironment\Response))
#11 [internal function]: Zend\Mvc\DispatchListener->onDispatch(Object(Zend\Mvc\MvcEvent))
#12 D:\xampp\htdocs\web-ir\koscian\vendor\zendframework\zendframework\library\Zend\EventManager\EventManager.php(468): call_user_func(Array, Object(Zend\Mvc\MvcEvent))
#13 D:\xampp\htdocs\web-ir\koscian\vendor\zendframework\zendframework\library\Zend\EventManager\EventManager.php(207): Zend\EventManager\EventManager->triggerListeners('dispatch', Object(Zend\Mvc\MvcEvent), Object(Closure))
#14 D:\xampp\htdocs\web-ir\koscian\vendor\zendframework\zendframework\library\Zend\Mvc\Application.php(313): Zend\EventManager\EventManager->trigger('dispatch', Object(Zend\Mvc\MvcEvent), Object(Closure))
#15 D:\xampp\htdocs\web-ir\koscian\public\index.php(17): Zend\Mvc\Application->run()
#16 {main}
2015-05-14T17:48:08+02:00 CRIT (2): exception 'PDOException' with message 'SQLSTATE[42S22]: Column not found: 1054 Unknown column 'dateFrom' in 'order clause'' in D:\xampp\htdocs\web-ir\koscian\vendor\zendframework\zendframework\library\Zend\Db\Adapter\Driver\Pdo\Statement.php:239
Stack trace:
#0 D:\xampp\htdocs\web-ir\koscian\vendor\zendframework\zendframework\library\Zend\Db\Adapter\Driver\Pdo\Statement.php(239): PDOStatement->execute()
#1 D:\xampp\htdocs\web-ir\koscian\vendor\zendframework\zendframework\library\Zend\Db\TableGateway\AbstractTableGateway.php(233): Zend\Db\Adapter\Driver\Pdo\Statement->execute()
#2 D:\xampp\htdocs\web-ir\koscian\vendor\zendframework\zendframework\library\Zend\Db\TableGateway\AbstractTableGateway.php(208): Zend\Db\TableGateway\AbstractTableGateway->executeSelect(Object(Zend\Db\Sql\Select))
#3 D:\xampp\htdocs\web-ir\koscian\vendor\zendframework\zendframework\library\Zend\Db\TableGateway\AbstractTableGateway.php(195): Zend\Db\TableGateway\AbstractTableGateway->selectWith(Object(Zend\Db\Sql\Select))
#4 D:\xampp\htdocs\web-ir\koscian\vendor\cms-ir\cms-ir\src\CmsIr\Post\src\Post\Model\PostTable.php(128): Zend\Db\TableGateway\AbstractTableGateway->select(Object(Closure))
#5 D:\xampp\htdocs\web-ir\koscian\vendor\cms-ir\cms-ir\src\CmsIr\Post\src\Post\Controller\PostController.php(40): CmsIr\Post\Model\PostTable->getPostDatatables(Array, Object(Zend\Stdlib\Parameters), 'news', NULL)
#6 D:\xampp\htdocs\web-ir\koscian\vendor\zendframework\zendframework\library\Zend\Mvc\Controller\AbstractActionController.php(83): CmsIr\Post\Controller\PostController->postListAction()
#7 [internal function]: Zend\Mvc\Controller\AbstractActionController->onDispatch(Object(Zend\Mvc\MvcEvent))
#8 D:\xampp\htdocs\web-ir\koscian\vendor\zendframework\zendframework\library\Zend\EventManager\EventManager.php(468): call_user_func(Array, Object(Zend\Mvc\MvcEvent))
#9 D:\xampp\htdocs\web-ir\koscian\vendor\zendframework\zendframework\library\Zend\EventManager\EventManager.php(207): Zend\EventManager\EventManager->triggerListeners('dispatch', Object(Zend\Mvc\MvcEvent), Object(Closure))
#10 D:\xampp\htdocs\web-ir\koscian\vendor\zendframework\zendframework\library\Zend\Mvc\Controller\AbstractController.php(116): Zend\EventManager\EventManager->trigger('dispatch', Object(Zend\Mvc\MvcEvent), Object(Closure))
#11 D:\xampp\htdocs\web-ir\koscian\vendor\zendframework\zendframework\library\Zend\Mvc\DispatchListener.php(113): Zend\Mvc\Controller\AbstractController->dispatch(Object(Zend\Http\PhpEnvironment\Request), Object(Zend\Http\PhpEnvironment\Response))
#12 [internal function]: Zend\Mvc\DispatchListener->onDispatch(Object(Zend\Mvc\MvcEvent))
#13 D:\xampp\htdocs\web-ir\koscian\vendor\zendframework\zendframework\library\Zend\EventManager\EventManager.php(468): call_user_func(Array, Object(Zend\Mvc\MvcEvent))
#14 D:\xampp\htdocs\web-ir\koscian\vendor\zendframework\zendframework\library\Zend\EventManager\EventManager.php(207): Zend\EventManager\EventManager->triggerListeners('dispatch', Object(Zend\Mvc\MvcEvent), Object(Closure))
#15 D:\xampp\htdocs\web-ir\koscian\vendor\zendframework\zendframework\library\Zend\Mvc\Application.php(313): Zend\EventManager\EventManager->trigger('dispatch', Object(Zend\Mvc\MvcEvent), Object(Closure))
#16 D:\xampp\htdocs\web-ir\koscian\public\index.php(17): Zend\Mvc\Application->run()
#17 {main}

Next exception 'Zend\Db\Adapter\Exception\InvalidQueryException' with message 'Statement could not be executed (42S22 - 1054 - Unknown column 'dateFrom' in 'order clause')' in D:\xampp\htdocs\web-ir\koscian\vendor\zendframework\zendframework\library\Zend\Db\Adapter\Driver\Pdo\Statement.php:244
Stack trace:
#0 D:\xampp\htdocs\web-ir\koscian\vendor\zendframework\zendframework\library\Zend\Db\TableGateway\AbstractTableGateway.php(233): Zend\Db\Adapter\Driver\Pdo\Statement->execute()
#1 D:\xampp\htdocs\web-ir\koscian\vendor\zendframework\zendframework\library\Zend\Db\TableGateway\AbstractTableGateway.php(208): Zend\Db\TableGateway\AbstractTableGateway->executeSelect(Object(Zend\Db\Sql\Select))
#2 D:\xampp\htdocs\web-ir\koscian\vendor\zendframework\zendframework\library\Zend\Db\TableGateway\AbstractTableGateway.php(195): Zend\Db\TableGateway\AbstractTableGateway->selectWith(Object(Zend\Db\Sql\Select))
#3 D:\xampp\htdocs\web-ir\koscian\vendor\cms-ir\cms-ir\src\CmsIr\Post\src\Post\Model\PostTable.php(128): Zend\Db\TableGateway\AbstractTableGateway->select(Object(Closure))
#4 D:\xampp\htdocs\web-ir\koscian\vendor\cms-ir\cms-ir\src\CmsIr\Post\src\Post\Controller\PostController.php(40): CmsIr\Post\Model\PostTable->getPostDatatables(Array, Object(Zend\Stdlib\Parameters), 'news', NULL)
#5 D:\xampp\htdocs\web-ir\koscian\vendor\zendframework\zendframework\library\Zend\Mvc\Controller\AbstractActionController.php(83): CmsIr\Post\Controller\PostController->postListAction()
#6 [internal function]: Zend\Mvc\Controller\AbstractActionController->onDispatch(Object(Zend\Mvc\MvcEvent))
#7 D:\xampp\htdocs\web-ir\koscian\vendor\zendframework\zendframework\library\Zend\EventManager\EventManager.php(468): call_user_func(Array, Object(Zend\Mvc\MvcEvent))
#8 D:\xampp\htdocs\web-ir\koscian\vendor\zendframework\zendframework\library\Zend\EventManager\EventManager.php(207): Zend\EventManager\EventManager->triggerListeners('dispatch', Object(Zend\Mvc\MvcEvent), Object(Closure))
#9 D:\xampp\htdocs\web-ir\koscian\vendor\zendframework\zendframework\library\Zend\Mvc\Controller\AbstractController.php(116): Zend\EventManager\EventManager->trigger('dispatch', Object(Zend\Mvc\MvcEvent), Object(Closure))
#10 D:\xampp\htdocs\web-ir\koscian\vendor\zendframework\zendframework\library\Zend\Mvc\DispatchListener.php(113): Zend\Mvc\Controller\AbstractController->dispatch(Object(Zend\Http\PhpEnvironment\Request), Object(Zend\Http\PhpEnvironment\Response))
#11 [internal function]: Zend\Mvc\DispatchListener->onDispatch(Object(Zend\Mvc\MvcEvent))
#12 D:\xampp\htdocs\web-ir\koscian\vendor\zendframework\zendframework\library\Zend\EventManager\EventManager.php(468): call_user_func(Array, Object(Zend\Mvc\MvcEvent))
#13 D:\xampp\htdocs\web-ir\koscian\vendor\zendframework\zendframework\library\Zend\EventManager\EventManager.php(207): Zend\EventManager\EventManager->triggerListeners('dispatch', Object(Zend\Mvc\MvcEvent), Object(Closure))
#14 D:\xampp\htdocs\web-ir\koscian\vendor\zendframework\zendframework\library\Zend\Mvc\Application.php(313): Zend\EventManager\EventManager->trigger('dispatch', Object(Zend\Mvc\MvcEvent), Object(Closure))
#15 D:\xampp\htdocs\web-ir\koscian\public\index.php(17): Zend\Mvc\Application->run()
#16 {main}
2015-05-14T18:03:24+02:00 CRIT (2): exception 'PDOException' with message 'SQLSTATE[42S22]: Column not found: 1054 Unknown column 'dateFrom' in 'order clause'' in D:\xampp\htdocs\web-ir\koscian\vendor\zendframework\zendframework\library\Zend\Db\Adapter\Driver\Pdo\Statement.php:239
Stack trace:
#0 D:\xampp\htdocs\web-ir\koscian\vendor\zendframework\zendframework\library\Zend\Db\Adapter\Driver\Pdo\Statement.php(239): PDOStatement->execute()
#1 D:\xampp\htdocs\web-ir\koscian\vendor\zendframework\zendframework\library\Zend\Db\TableGateway\AbstractTableGateway.php(233): Zend\Db\Adapter\Driver\Pdo\Statement->execute()
#2 D:\xampp\htdocs\web-ir\koscian\vendor\zendframework\zendframework\library\Zend\Db\TableGateway\AbstractTableGateway.php(208): Zend\Db\TableGateway\AbstractTableGateway->executeSelect(Object(Zend\Db\Sql\Select))
#3 D:\xampp\htdocs\web-ir\koscian\vendor\zendframework\zendframework\library\Zend\Db\TableGateway\AbstractTableGateway.php(195): Zend\Db\TableGateway\AbstractTableGateway->selectWith(Object(Zend\Db\Sql\Select))
#4 D:\xampp\htdocs\web-ir\koscian\vendor\cms-ir\cms-ir\src\CmsIr\Post\src\Post\Model\PostTable.php(128): Zend\Db\TableGateway\AbstractTableGateway->select(Object(Closure))
#5 D:\xampp\htdocs\web-ir\koscian\vendor\cms-ir\cms-ir\src\CmsIr\Post\src\Post\Controller\PostController.php(40): CmsIr\Post\Model\PostTable->getPostDatatables(Array, Object(Zend\Stdlib\Parameters), 'news', NULL)
#6 D:\xampp\htdocs\web-ir\koscian\vendor\zendframework\zendframework\library\Zend\Mvc\Controller\AbstractActionController.php(83): CmsIr\Post\Controller\PostController->postListAction()
#7 [internal function]: Zend\Mvc\Controller\AbstractActionController->onDispatch(Object(Zend\Mvc\MvcEvent))
#8 D:\xampp\htdocs\web-ir\koscian\vendor\zendframework\zendframework\library\Zend\EventManager\EventManager.php(468): call_user_func(Array, Object(Zend\Mvc\MvcEvent))
#9 D:\xampp\htdocs\web-ir\koscian\vendor\zendframework\zendframework\library\Zend\EventManager\EventManager.php(207): Zend\EventManager\EventManager->triggerListeners('dispatch', Object(Zend\Mvc\MvcEvent), Object(Closure))
#10 D:\xampp\htdocs\web-ir\koscian\vendor\zendframework\zendframework\library\Zend\Mvc\Controller\AbstractController.php(116): Zend\EventManager\EventManager->trigger('dispatch', Object(Zend\Mvc\MvcEvent), Object(Closure))
#11 D:\xampp\htdocs\web-ir\koscian\vendor\zendframework\zendframework\library\Zend\Mvc\DispatchListener.php(113): Zend\Mvc\Controller\AbstractController->dispatch(Object(Zend\Http\PhpEnvironment\Request), Object(Zend\Http\PhpEnvironment\Response))
#12 [internal function]: Zend\Mvc\DispatchListener->onDispatch(Object(Zend\Mvc\MvcEvent))
#13 D:\xampp\htdocs\web-ir\koscian\vendor\zendframework\zendframework\library\Zend\EventManager\EventManager.php(468): call_user_func(Array, Object(Zend\Mvc\MvcEvent))
#14 D:\xampp\htdocs\web-ir\koscian\vendor\zendframework\zendframework\library\Zend\EventManager\EventManager.php(207): Zend\EventManager\EventManager->triggerListeners('dispatch', Object(Zend\Mvc\MvcEvent), Object(Closure))
#15 D:\xampp\htdocs\web-ir\koscian\vendor\zendframework\zendframework\library\Zend\Mvc\Application.php(313): Zend\EventManager\EventManager->trigger('dispatch', Object(Zend\Mvc\MvcEvent), Object(Closure))
#16 D:\xampp\htdocs\web-ir\koscian\public\index.php(17): Zend\Mvc\Application->run()
#17 {main}

Next exception 'Zend\Db\Adapter\Exception\InvalidQueryException' with message 'Statement could not be executed (42S22 - 1054 - Unknown column 'dateFrom' in 'order clause')' in D:\xampp\htdocs\web-ir\koscian\vendor\zendframework\zendframework\library\Zend\Db\Adapter\Driver\Pdo\Statement.php:244
Stack trace:
#0 D:\xampp\htdocs\web-ir\koscian\vendor\zendframework\zendframework\library\Zend\Db\TableGateway\AbstractTableGateway.php(233): Zend\Db\Adapter\Driver\Pdo\Statement->execute()
#1 D:\xampp\htdocs\web-ir\koscian\vendor\zendframework\zendframework\library\Zend\Db\TableGateway\AbstractTableGateway.php(208): Zend\Db\TableGateway\AbstractTableGateway->executeSelect(Object(Zend\Db\Sql\Select))
#2 D:\xampp\htdocs\web-ir\koscian\vendor\zendframework\zendframework\library\Zend\Db\TableGateway\AbstractTableGateway.php(195): Zend\Db\TableGateway\AbstractTableGateway->selectWith(Object(Zend\Db\Sql\Select))
#3 D:\xampp\htdocs\web-ir\koscian\vendor\cms-ir\cms-ir\src\CmsIr\Post\src\Post\Model\PostTable.php(128): Zend\Db\TableGateway\AbstractTableGateway->select(Object(Closure))
#4 D:\xampp\htdocs\web-ir\koscian\vendor\cms-ir\cms-ir\src\CmsIr\Post\src\Post\Controller\PostController.php(40): CmsIr\Post\Model\PostTable->getPostDatatables(Array, Object(Zend\Stdlib\Parameters), 'news', NULL)
#5 D:\xampp\htdocs\web-ir\koscian\vendor\zendframework\zendframework\library\Zend\Mvc\Controller\AbstractActionController.php(83): CmsIr\Post\Controller\PostController->postListAction()
#6 [internal function]: Zend\Mvc\Controller\AbstractActionController->onDispatch(Object(Zend\Mvc\MvcEvent))
#7 D:\xampp\htdocs\web-ir\koscian\vendor\zendframework\zendframework\library\Zend\EventManager\EventManager.php(468): call_user_func(Array, Object(Zend\Mvc\MvcEvent))
#8 D:\xampp\htdocs\web-ir\koscian\vendor\zendframework\zendframework\library\Zend\EventManager\EventManager.php(207): Zend\EventManager\EventManager->triggerListeners('dispatch', Object(Zend\Mvc\MvcEvent), Object(Closure))
#9 D:\xampp\htdocs\web-ir\koscian\vendor\zendframework\zendframework\library\Zend\Mvc\Controller\AbstractController.php(116): Zend\EventManager\EventManager->trigger('dispatch', Object(Zend\Mvc\MvcEvent), Object(Closure))
#10 D:\xampp\htdocs\web-ir\koscian\vendor\zendframework\zendframework\library\Zend\Mvc\DispatchListener.php(113): Zend\Mvc\Controller\AbstractController->dispatch(Object(Zend\Http\PhpEnvironment\Request), Object(Zend\Http\PhpEnvironment\Response))
#11 [internal function]: Zend\Mvc\DispatchListener->onDispatch(Object(Zend\Mvc\MvcEvent))
#12 D:\xampp\htdocs\web-ir\koscian\vendor\zendframework\zendframework\library\Zend\EventManager\EventManager.php(468): call_user_func(Array, Object(Zend\Mvc\MvcEvent))
#13 D:\xampp\htdocs\web-ir\koscian\vendor\zendframework\zendframework\library\Zend\EventManager\EventManager.php(207): Zend\EventManager\EventManager->triggerListeners('dispatch', Object(Zend\Mvc\MvcEvent), Object(Closure))
#14 D:\xampp\htdocs\web-ir\koscian\vendor\zendframework\zendframework\library\Zend\Mvc\Application.php(313): Zend\EventManager\EventManager->trigger('dispatch', Object(Zend\Mvc\MvcEvent), Object(Closure))
#15 D:\xampp\htdocs\web-ir\koscian\public\index.php(17): Zend\Mvc\Application->run()
#16 {main}
