2015-05-09T19:11:57+02:00 CRIT (2): exception 'Zend\View\Exception\RuntimeException' with message 'Zend\View\Renderer\PhpRenderer::render: Unable to render template "cms-ir/system/create-thumb"; resolver could not resolve to a file' in D:\xampp\htdocs\web-ir\koscian\vendor\zendframework\zendframework\library\Zend\View\Renderer\PhpRenderer.php:498
Stack trace:
#0 D:\xampp\htdocs\web-ir\koscian\vendor\zendframework\zendframework\library\Zend\View\View.php(205): Zend\View\Renderer\PhpRenderer->render(Object(Zend\View\Model\ViewModel))
#1 D:\xampp\htdocs\web-ir\koscian\vendor\zendframework\zendframework\library\Zend\View\View.php(233): Zend\View\View->render(Object(Zend\View\Model\ViewModel))
#2 D:\xampp\htdocs\web-ir\koscian\vendor\zendframework\zendframework\library\Zend\View\View.php(198): Zend\View\View->renderChildren(Object(Zend\View\Model\ViewModel))
#3 D:\xampp\htdocs\web-ir\koscian\vendor\zendframework\zendframework\library\Zend\Mvc\View\Http\DefaultRenderingStrategy.php(103): Zend\View\View->render(Object(Zend\View\Model\ViewModel))
#4 [internal function]: Zend\Mvc\View\Http\DefaultRenderingStrategy->render(Object(Zend\Mvc\MvcEvent))
#5 D:\xampp\htdocs\web-ir\koscian\vendor\zendframework\zendframework\library\Zend\EventManager\EventManager.php(468): call_user_func(Array, Object(Zend\Mvc\MvcEvent))
#6 D:\xampp\htdocs\web-ir\koscian\vendor\zendframework\zendframework\library\Zend\EventManager\EventManager.php(207): Zend\EventManager\EventManager->triggerListeners('render', Object(Zend\Mvc\MvcEvent), Array)
#7 D:\xampp\htdocs\web-ir\koscian\vendor\zendframework\zendframework\library\Zend\Mvc\Application.php(352): Zend\EventManager\EventManager->trigger('render', Object(Zend\Mvc\MvcEvent))
#8 D:\xampp\htdocs\web-ir\koscian\vendor\zendframework\zendframework\library\Zend\Mvc\Application.php(327): Zend\Mvc\Application->completeRequest(Object(Zend\Mvc\MvcEvent))
#9 D:\xampp\htdocs\web-ir\koscian\public\index.php(17): Zend\Mvc\Application->run()
#10 {main}
2015-05-09T19:12:08+02:00 CRIT (2): exception 'Zend\View\Exception\RuntimeException' with message 'Zend\View\Renderer\PhpRenderer::render: Unable to render template "cms-ir/system/create-thumb"; resolver could not resolve to a file' in D:\xampp\htdocs\web-ir\koscian\vendor\zendframework\zendframework\library\Zend\View\Renderer\PhpRenderer.php:498
Stack trace:
#0 D:\xampp\htdocs\web-ir\koscian\vendor\zendframework\zendframework\library\Zend\View\View.php(205): Zend\View\Renderer\PhpRenderer->render(Object(Zend\View\Model\ViewModel))
#1 D:\xampp\htdocs\web-ir\koscian\vendor\zendframework\zendframework\library\Zend\View\View.php(233): Zend\View\View->render(Object(Zend\View\Model\ViewModel))
#2 D:\xampp\htdocs\web-ir\koscian\vendor\zendframework\zendframework\library\Zend\View\View.php(198): Zend\View\View->renderChildren(Object(Zend\View\Model\ViewModel))
#3 D:\xampp\htdocs\web-ir\koscian\vendor\zendframework\zendframework\library\Zend\Mvc\View\Http\DefaultRenderingStrategy.php(103): Zend\View\View->render(Object(Zend\View\Model\ViewModel))
#4 [internal function]: Zend\Mvc\View\Http\DefaultRenderingStrategy->render(Object(Zend\Mvc\MvcEvent))
#5 D:\xampp\htdocs\web-ir\koscian\vendor\zendframework\zendframework\library\Zend\EventManager\EventManager.php(468): call_user_func(Array, Object(Zend\Mvc\MvcEvent))
#6 D:\xampp\htdocs\web-ir\koscian\vendor\zendframework\zendframework\library\Zend\EventManager\EventManager.php(207): Zend\EventManager\EventManager->triggerListeners('render', Object(Zend\Mvc\MvcEvent), Array)
#7 D:\xampp\htdocs\web-ir\koscian\vendor\zendframework\zendframework\library\Zend\Mvc\Application.php(352): Zend\EventManager\EventManager->trigger('render', Object(Zend\Mvc\MvcEvent))
#8 D:\xampp\htdocs\web-ir\koscian\vendor\zendframework\zendframework\library\Zend\Mvc\Application.php(327): Zend\Mvc\Application->completeRequest(Object(Zend\Mvc\MvcEvent))
#9 D:\xampp\htdocs\web-ir\koscian\public\index.php(17): Zend\Mvc\Application->run()
#10 {main}
2015-05-09T19:12:09+02:00 CRIT (2): exception 'Zend\View\Exception\RuntimeException' with message 'Zend\View\Renderer\PhpRenderer::render: Unable to render template "cms-ir/system/create-thumb"; resolver could not resolve to a file' in D:\xampp\htdocs\web-ir\koscian\vendor\zendframework\zendframework\library\Zend\View\Renderer\PhpRenderer.php:498
Stack trace:
#0 D:\xampp\htdocs\web-ir\koscian\vendor\zendframework\zendframework\library\Zend\View\View.php(205): Zend\View\Renderer\PhpRenderer->render(Object(Zend\View\Model\ViewModel))
#1 D:\xampp\htdocs\web-ir\koscian\vendor\zendframework\zendframework\library\Zend\View\View.php(233): Zend\View\View->render(Object(Zend\View\Model\ViewModel))
#2 D:\xampp\htdocs\web-ir\koscian\vendor\zendframework\zendframework\library\Zend\View\View.php(198): Zend\View\View->renderChildren(Object(Zend\View\Model\ViewModel))
#3 D:\xampp\htdocs\web-ir\koscian\vendor\zendframework\zendframework\library\Zend\Mvc\View\Http\DefaultRenderingStrategy.php(103): Zend\View\View->render(Object(Zend\View\Model\ViewModel))
#4 [internal function]: Zend\Mvc\View\Http\DefaultRenderingStrategy->render(Object(Zend\Mvc\MvcEvent))
#5 D:\xampp\htdocs\web-ir\koscian\vendor\zendframework\zendframework\library\Zend\EventManager\EventManager.php(468): call_user_func(Array, Object(Zend\Mvc\MvcEvent))
#6 D:\xampp\htdocs\web-ir\koscian\vendor\zendframework\zendframework\library\Zend\EventManager\EventManager.php(207): Zend\EventManager\EventManager->triggerListeners('render', Object(Zend\Mvc\MvcEvent), Array)
#7 D:\xampp\htdocs\web-ir\koscian\vendor\zendframework\zendframework\library\Zend\Mvc\Application.php(352): Zend\EventManager\EventManager->trigger('render', Object(Zend\Mvc\MvcEvent))
#8 D:\xampp\htdocs\web-ir\koscian\vendor\zendframework\zendframework\library\Zend\Mvc\Application.php(327): Zend\Mvc\Application->completeRequest(Object(Zend\Mvc\MvcEvent))
#9 D:\xampp\htdocs\web-ir\koscian\public\index.php(17): Zend\Mvc\Application->run()
#10 {main}
2015-05-09T19:13:11+02:00 CRIT (2): exception 'Zend\View\Exception\RuntimeException' with message 'Zend\View\Renderer\PhpRenderer::render: Unable to render template "cms-ir/system/create-thumb"; resolver could not resolve to a file' in D:\xampp\htdocs\web-ir\koscian\vendor\zendframework\zendframework\library\Zend\View\Renderer\PhpRenderer.php:498
Stack trace:
#0 D:\xampp\htdocs\web-ir\koscian\vendor\zendframework\zendframework\library\Zend\View\View.php(205): Zend\View\Renderer\PhpRenderer->render(Object(Zend\View\Model\ViewModel))
#1 D:\xampp\htdocs\web-ir\koscian\vendor\zendframework\zendframework\library\Zend\View\View.php(233): Zend\View\View->render(Object(Zend\View\Model\ViewModel))
#2 D:\xampp\htdocs\web-ir\koscian\vendor\zendframework\zendframework\library\Zend\View\View.php(198): Zend\View\View->renderChildren(Object(Zend\View\Model\ViewModel))
#3 D:\xampp\htdocs\web-ir\koscian\vendor\zendframework\zendframework\library\Zend\Mvc\View\Http\DefaultRenderingStrategy.php(103): Zend\View\View->render(Object(Zend\View\Model\ViewModel))
#4 [internal function]: Zend\Mvc\View\Http\DefaultRenderingStrategy->render(Object(Zend\Mvc\MvcEvent))
#5 D:\xampp\htdocs\web-ir\koscian\vendor\zendframework\zendframework\library\Zend\EventManager\EventManager.php(468): call_user_func(Array, Object(Zend\Mvc\MvcEvent))
#6 D:\xampp\htdocs\web-ir\koscian\vendor\zendframework\zendframework\library\Zend\EventManager\EventManager.php(207): Zend\EventManager\EventManager->triggerListeners('render', Object(Zend\Mvc\MvcEvent), Array)
#7 D:\xampp\htdocs\web-ir\koscian\vendor\zendframework\zendframework\library\Zend\Mvc\Application.php(352): Zend\EventManager\EventManager->trigger('render', Object(Zend\Mvc\MvcEvent))
#8 D:\xampp\htdocs\web-ir\koscian\vendor\zendframework\zendframework\library\Zend\Mvc\Application.php(327): Zend\Mvc\Application->completeRequest(Object(Zend\Mvc\MvcEvent))
#9 D:\xampp\htdocs\web-ir\koscian\public\index.php(17): Zend\Mvc\Application->run()
#10 {main}
2015-05-09T19:13:12+02:00 CRIT (2): exception 'Zend\View\Exception\RuntimeException' with message 'Zend\View\Renderer\PhpRenderer::render: Unable to render template "cms-ir/system/create-thumb"; resolver could not resolve to a file' in D:\xampp\htdocs\web-ir\koscian\vendor\zendframework\zendframework\library\Zend\View\Renderer\PhpRenderer.php:498
Stack trace:
#0 D:\xampp\htdocs\web-ir\koscian\vendor\zendframework\zendframework\library\Zend\View\View.php(205): Zend\View\Renderer\PhpRenderer->render(Object(Zend\View\Model\ViewModel))
#1 D:\xampp\htdocs\web-ir\koscian\vendor\zendframework\zendframework\library\Zend\View\View.php(233): Zend\View\View->render(Object(Zend\View\Model\ViewModel))
#2 D:\xampp\htdocs\web-ir\koscian\vendor\zendframework\zendframework\library\Zend\View\View.php(198): Zend\View\View->renderChildren(Object(Zend\View\Model\ViewModel))
#3 D:\xampp\htdocs\web-ir\koscian\vendor\zendframework\zendframework\library\Zend\Mvc\View\Http\DefaultRenderingStrategy.php(103): Zend\View\View->render(Object(Zend\View\Model\ViewModel))
#4 [internal function]: Zend\Mvc\View\Http\DefaultRenderingStrategy->render(Object(Zend\Mvc\MvcEvent))
#5 D:\xampp\htdocs\web-ir\koscian\vendor\zendframework\zendframework\library\Zend\EventManager\EventManager.php(468): call_user_func(Array, Object(Zend\Mvc\MvcEvent))
#6 D:\xampp\htdocs\web-ir\koscian\vendor\zendframework\zendframework\library\Zend\EventManager\EventManager.php(207): Zend\EventManager\EventManager->triggerListeners('render', Object(Zend\Mvc\MvcEvent), Array)
#7 D:\xampp\htdocs\web-ir\koscian\vendor\zendframework\zendframework\library\Zend\Mvc\Application.php(352): Zend\EventManager\EventManager->trigger('render', Object(Zend\Mvc\MvcEvent))
#8 D:\xampp\htdocs\web-ir\koscian\vendor\zendframework\zendframework\library\Zend\Mvc\Application.php(327): Zend\Mvc\Application->completeRequest(Object(Zend\Mvc\MvcEvent))
#9 D:\xampp\htdocs\web-ir\koscian\public\index.php(17): Zend\Mvc\Application->run()
#10 {main}
2015-05-09T19:13:50+02:00 CRIT (2): exception 'Zend\View\Exception\RuntimeException' with message 'Zend\View\Renderer\PhpRenderer::render: Unable to render template "cms-ir/system/create-thumb"; resolver could not resolve to a file' in D:\xampp\htdocs\web-ir\koscian\vendor\zendframework\zendframework\library\Zend\View\Renderer\PhpRenderer.php:498
Stack trace:
#0 D:\xampp\htdocs\web-ir\koscian\vendor\zendframework\zendframework\library\Zend\View\View.php(205): Zend\View\Renderer\PhpRenderer->render(Object(Zend\View\Model\ViewModel))
#1 D:\xampp\htdocs\web-ir\koscian\vendor\zendframework\zendframework\library\Zend\View\View.php(233): Zend\View\View->render(Object(Zend\View\Model\ViewModel))
#2 D:\xampp\htdocs\web-ir\koscian\vendor\zendframework\zendframework\library\Zend\View\View.php(198): Zend\View\View->renderChildren(Object(Zend\View\Model\ViewModel))
#3 D:\xampp\htdocs\web-ir\koscian\vendor\zendframework\zendframework\library\Zend\Mvc\View\Http\DefaultRenderingStrategy.php(103): Zend\View\View->render(Object(Zend\View\Model\ViewModel))
#4 [internal function]: Zend\Mvc\View\Http\DefaultRenderingStrategy->render(Object(Zend\Mvc\MvcEvent))
#5 D:\xampp\htdocs\web-ir\koscian\vendor\zendframework\zendframework\library\Zend\EventManager\EventManager.php(468): call_user_func(Array, Object(Zend\Mvc\MvcEvent))
#6 D:\xampp\htdocs\web-ir\koscian\vendor\zendframework\zendframework\library\Zend\EventManager\EventManager.php(207): Zend\EventManager\EventManager->triggerListeners('render', Object(Zend\Mvc\MvcEvent), Array)
#7 D:\xampp\htdocs\web-ir\koscian\vendor\zendframework\zendframework\library\Zend\Mvc\Application.php(352): Zend\EventManager\EventManager->trigger('render', Object(Zend\Mvc\MvcEvent))
#8 D:\xampp\htdocs\web-ir\koscian\vendor\zendframework\zendframework\library\Zend\Mvc\Application.php(327): Zend\Mvc\Application->completeRequest(Object(Zend\Mvc\MvcEvent))
#9 D:\xampp\htdocs\web-ir\koscian\public\index.php(17): Zend\Mvc\Application->run()
#10 {main}
2015-05-09T19:13:52+02:00 CRIT (2): exception 'Zend\View\Exception\RuntimeException' with message 'Zend\View\Renderer\PhpRenderer::render: Unable to render template "cms-ir/system/create-thumb"; resolver could not resolve to a file' in D:\xampp\htdocs\web-ir\koscian\vendor\zendframework\zendframework\library\Zend\View\Renderer\PhpRenderer.php:498
Stack trace:
#0 D:\xampp\htdocs\web-ir\koscian\vendor\zendframework\zendframework\library\Zend\View\View.php(205): Zend\View\Renderer\PhpRenderer->render(Object(Zend\View\Model\ViewModel))
#1 D:\xampp\htdocs\web-ir\koscian\vendor\zendframework\zendframework\library\Zend\View\View.php(233): Zend\View\View->render(Object(Zend\View\Model\ViewModel))
#2 D:\xampp\htdocs\web-ir\koscian\vendor\zendframework\zendframework\library\Zend\View\View.php(198): Zend\View\View->renderChildren(Object(Zend\View\Model\ViewModel))
#3 D:\xampp\htdocs\web-ir\koscian\vendor\zendframework\zendframework\library\Zend\Mvc\View\Http\DefaultRenderingStrategy.php(103): Zend\View\View->render(Object(Zend\View\Model\ViewModel))
#4 [internal function]: Zend\Mvc\View\Http\DefaultRenderingStrategy->render(Object(Zend\Mvc\MvcEvent))
#5 D:\xampp\htdocs\web-ir\koscian\vendor\zendframework\zendframework\library\Zend\EventManager\EventManager.php(468): call_user_func(Array, Object(Zend\Mvc\MvcEvent))
#6 D:\xampp\htdocs\web-ir\koscian\vendor\zendframework\zendframework\library\Zend\EventManager\EventManager.php(207): Zend\EventManager\EventManager->triggerListeners('render', Object(Zend\Mvc\MvcEvent), Array)
#7 D:\xampp\htdocs\web-ir\koscian\vendor\zendframework\zendframework\library\Zend\Mvc\Application.php(352): Zend\EventManager\EventManager->trigger('render', Object(Zend\Mvc\MvcEvent))
#8 D:\xampp\htdocs\web-ir\koscian\vendor\zendframework\zendframework\library\Zend\Mvc\Application.php(327): Zend\Mvc\Application->completeRequest(Object(Zend\Mvc\MvcEvent))
#9 D:\xampp\htdocs\web-ir\koscian\public\index.php(17): Zend\Mvc\Application->run()
#10 {main}
2015-05-09T19:16:01+02:00 CRIT (2): exception 'Zend\View\Exception\RuntimeException' with message 'Zend\View\Renderer\PhpRenderer::render: Unable to render template "cms-ir/system/create-thumb"; resolver could not resolve to a file' in D:\xampp\htdocs\web-ir\koscian\vendor\zendframework\zendframework\library\Zend\View\Renderer\PhpRenderer.php:498
Stack trace:
#0 D:\xampp\htdocs\web-ir\koscian\vendor\zendframework\zendframework\library\Zend\View\View.php(205): Zend\View\Renderer\PhpRenderer->render(Object(Zend\View\Model\ViewModel))
#1 D:\xampp\htdocs\web-ir\koscian\vendor\zendframework\zendframework\library\Zend\View\View.php(233): Zend\View\View->render(Object(Zend\View\Model\ViewModel))
#2 D:\xampp\htdocs\web-ir\koscian\vendor\zendframework\zendframework\library\Zend\View\View.php(198): Zend\View\View->renderChildren(Object(Zend\View\Model\ViewModel))
#3 D:\xampp\htdocs\web-ir\koscian\vendor\zendframework\zendframework\library\Zend\Mvc\View\Http\DefaultRenderingStrategy.php(103): Zend\View\View->render(Object(Zend\View\Model\ViewModel))
#4 [internal function]: Zend\Mvc\View\Http\DefaultRenderingStrategy->render(Object(Zend\Mvc\MvcEvent))
#5 D:\xampp\htdocs\web-ir\koscian\vendor\zendframework\zendframework\library\Zend\EventManager\EventManager.php(468): call_user_func(Array, Object(Zend\Mvc\MvcEvent))
#6 D:\xampp\htdocs\web-ir\koscian\vendor\zendframework\zendframework\library\Zend\EventManager\EventManager.php(207): Zend\EventManager\EventManager->triggerListeners('render', Object(Zend\Mvc\MvcEvent), Array)
#7 D:\xampp\htdocs\web-ir\koscian\vendor\zendframework\zendframework\library\Zend\Mvc\Application.php(352): Zend\EventManager\EventManager->trigger('render', Object(Zend\Mvc\MvcEvent))
#8 D:\xampp\htdocs\web-ir\koscian\vendor\zendframework\zendframework\library\Zend\Mvc\Application.php(327): Zend\Mvc\Application->completeRequest(Object(Zend\Mvc\MvcEvent))
#9 D:\xampp\htdocs\web-ir\koscian\public\index.php(17): Zend\Mvc\Application->run()
#10 {main}
2015-05-09T19:16:03+02:00 CRIT (2): exception 'Zend\View\Exception\RuntimeException' with message 'Zend\View\Renderer\PhpRenderer::render: Unable to render template "cms-ir/system/create-thumb"; resolver could not resolve to a file' in D:\xampp\htdocs\web-ir\koscian\vendor\zendframework\zendframework\library\Zend\View\Renderer\PhpRenderer.php:498
Stack trace:
#0 D:\xampp\htdocs\web-ir\koscian\vendor\zendframework\zendframework\library\Zend\View\View.php(205): Zend\View\Renderer\PhpRenderer->render(Object(Zend\View\Model\ViewModel))
#1 D:\xampp\htdocs\web-ir\koscian\vendor\zendframework\zendframework\library\Zend\View\View.php(233): Zend\View\View->render(Object(Zend\View\Model\ViewModel))
#2 D:\xampp\htdocs\web-ir\koscian\vendor\zendframework\zendframework\library\Zend\View\View.php(198): Zend\View\View->renderChildren(Object(Zend\View\Model\ViewModel))
#3 D:\xampp\htdocs\web-ir\koscian\vendor\zendframework\zendframework\library\Zend\Mvc\View\Http\DefaultRenderingStrategy.php(103): Zend\View\View->render(Object(Zend\View\Model\ViewModel))
#4 [internal function]: Zend\Mvc\View\Http\DefaultRenderingStrategy->render(Object(Zend\Mvc\MvcEvent))
#5 D:\xampp\htdocs\web-ir\koscian\vendor\zendframework\zendframework\library\Zend\EventManager\EventManager.php(468): call_user_func(Array, Object(Zend\Mvc\MvcEvent))
#6 D:\xampp\htdocs\web-ir\koscian\vendor\zendframework\zendframework\library\Zend\EventManager\EventManager.php(207): Zend\EventManager\EventManager->triggerListeners('render', Object(Zend\Mvc\MvcEvent), Array)
#7 D:\xampp\htdocs\web-ir\koscian\vendor\zendframework\zendframework\library\Zend\Mvc\Application.php(352): Zend\EventManager\EventManager->trigger('render', Object(Zend\Mvc\MvcEvent))
#8 D:\xampp\htdocs\web-ir\koscian\vendor\zendframework\zendframework\library\Zend\Mvc\Application.php(327): Zend\Mvc\Application->completeRequest(Object(Zend\Mvc\MvcEvent))
#9 D:\xampp\htdocs\web-ir\koscian\public\index.php(17): Zend\Mvc\Application->run()
#10 {main}
2015-05-09T19:16:35+02:00 CRIT (2): exception 'Zend\View\Exception\RuntimeException' with message 'Zend\View\Renderer\PhpRenderer::render: Unable to render template "cms-ir/system/create-thumb"; resolver could not resolve to a file' in D:\xampp\htdocs\web-ir\koscian\vendor\zendframework\zendframework\library\Zend\View\Renderer\PhpRenderer.php:498
Stack trace:
#0 D:\xampp\htdocs\web-ir\koscian\vendor\zendframework\zendframework\library\Zend\View\View.php(205): Zend\View\Renderer\PhpRenderer->render(Object(Zend\View\Model\ViewModel))
#1 D:\xampp\htdocs\web-ir\koscian\vendor\zendframework\zendframework\library\Zend\View\View.php(233): Zend\View\View->render(Object(Zend\View\Model\ViewModel))
#2 D:\xampp\htdocs\web-ir\koscian\vendor\zendframework\zendframework\library\Zend\View\View.php(198): Zend\View\View->renderChildren(Object(Zend\View\Model\ViewModel))
#3 D:\xampp\htdocs\web-ir\koscian\vendor\zendframework\zendframework\library\Zend\Mvc\View\Http\DefaultRenderingStrategy.php(103): Zend\View\View->render(Object(Zend\View\Model\ViewModel))
#4 [internal function]: Zend\Mvc\View\Http\DefaultRenderingStrategy->render(Object(Zend\Mvc\MvcEvent))
#5 D:\xampp\htdocs\web-ir\koscian\vendor\zendframework\zendframework\library\Zend\EventManager\EventManager.php(468): call_user_func(Array, Object(Zend\Mvc\MvcEvent))
#6 D:\xampp\htdocs\web-ir\koscian\vendor\zendframework\zendframework\library\Zend\EventManager\EventManager.php(207): Zend\EventManager\EventManager->triggerListeners('render', Object(Zend\Mvc\MvcEvent), Array)
#7 D:\xampp\htdocs\web-ir\koscian\vendor\zendframework\zendframework\library\Zend\Mvc\Application.php(352): Zend\EventManager\EventManager->trigger('render', Object(Zend\Mvc\MvcEvent))
#8 D:\xampp\htdocs\web-ir\koscian\vendor\zendframework\zendframework\library\Zend\Mvc\Application.php(327): Zend\Mvc\Application->completeRequest(Object(Zend\Mvc\MvcEvent))
#9 D:\xampp\htdocs\web-ir\koscian\public\index.php(17): Zend\Mvc\Application->run()
#10 {main}
2015-05-09T19:16:36+02:00 CRIT (2): exception 'Zend\View\Exception\RuntimeException' with message 'Zend\View\Renderer\PhpRenderer::render: Unable to render template "cms-ir/system/create-thumb"; resolver could not resolve to a file' in D:\xampp\htdocs\web-ir\koscian\vendor\zendframework\zendframework\library\Zend\View\Renderer\PhpRenderer.php:498
Stack trace:
#0 D:\xampp\htdocs\web-ir\koscian\vendor\zendframework\zendframework\library\Zend\View\View.php(205): Zend\View\Renderer\PhpRenderer->render(Object(Zend\View\Model\ViewModel))
#1 D:\xampp\htdocs\web-ir\koscian\vendor\zendframework\zendframework\library\Zend\View\View.php(233): Zend\View\View->render(Object(Zend\View\Model\ViewModel))
#2 D:\xampp\htdocs\web-ir\koscian\vendor\zendframework\zendframework\library\Zend\View\View.php(198): Zend\View\View->renderChildren(Object(Zend\View\Model\ViewModel))
#3 D:\xampp\htdocs\web-ir\koscian\vendor\zendframework\zendframework\library\Zend\Mvc\View\Http\DefaultRenderingStrategy.php(103): Zend\View\View->render(Object(Zend\View\Model\ViewModel))
#4 [internal function]: Zend\Mvc\View\Http\DefaultRenderingStrategy->render(Object(Zend\Mvc\MvcEvent))
#5 D:\xampp\htdocs\web-ir\koscian\vendor\zendframework\zendframework\library\Zend\EventManager\EventManager.php(468): call_user_func(Array, Object(Zend\Mvc\MvcEvent))
#6 D:\xampp\htdocs\web-ir\koscian\vendor\zendframework\zendframework\library\Zend\EventManager\EventManager.php(207): Zend\EventManager\EventManager->triggerListeners('render', Object(Zend\Mvc\MvcEvent), Array)
#7 D:\xampp\htdocs\web-ir\koscian\vendor\zendframework\zendframework\library\Zend\Mvc\Application.php(352): Zend\EventManager\EventManager->trigger('render', Object(Zend\Mvc\MvcEvent))
#8 D:\xampp\htdocs\web-ir\koscian\vendor\zendframework\zendframework\library\Zend\Mvc\Application.php(327): Zend\Mvc\Application->completeRequest(Object(Zend\Mvc\MvcEvent))
#9 D:\xampp\htdocs\web-ir\koscian\public\index.php(17): Zend\Mvc\Application->run()
#10 {main}
2015-05-09T19:16:57+02:00 CRIT (2): exception 'Zend\View\Exception\RuntimeException' with message 'Zend\View\Renderer\PhpRenderer::render: Unable to render template "cms-ir/system/create-thumb"; resolver could not resolve to a file' in D:\xampp\htdocs\web-ir\koscian\vendor\zendframework\zendframework\library\Zend\View\Renderer\PhpRenderer.php:498
Stack trace:
#0 D:\xampp\htdocs\web-ir\koscian\vendor\zendframework\zendframework\library\Zend\View\View.php(205): Zend\View\Renderer\PhpRenderer->render(Object(Zend\View\Model\ViewModel))
#1 D:\xampp\htdocs\web-ir\koscian\vendor\zendframework\zendframework\library\Zend\View\View.php(233): Zend\View\View->render(Object(Zend\View\Model\ViewModel))
#2 D:\xampp\htdocs\web-ir\koscian\vendor\zendframework\zendframework\library\Zend\View\View.php(198): Zend\View\View->renderChildren(Object(Zend\View\Model\ViewModel))
#3 D:\xampp\htdocs\web-ir\koscian\vendor\zendframework\zendframework\library\Zend\Mvc\View\Http\DefaultRenderingStrategy.php(103): Zend\View\View->render(Object(Zend\View\Model\ViewModel))
#4 [internal function]: Zend\Mvc\View\Http\DefaultRenderingStrategy->render(Object(Zend\Mvc\MvcEvent))
#5 D:\xampp\htdocs\web-ir\koscian\vendor\zendframework\zendframework\library\Zend\EventManager\EventManager.php(468): call_user_func(Array, Object(Zend\Mvc\MvcEvent))
#6 D:\xampp\htdocs\web-ir\koscian\vendor\zendframework\zendframework\library\Zend\EventManager\EventManager.php(207): Zend\EventManager\EventManager->triggerListeners('render', Object(Zend\Mvc\MvcEvent), Array)
#7 D:\xampp\htdocs\web-ir\koscian\vendor\zendframework\zendframework\library\Zend\Mvc\Application.php(352): Zend\EventManager\EventManager->trigger('render', Object(Zend\Mvc\MvcEvent))
#8 D:\xampp\htdocs\web-ir\koscian\vendor\zendframework\zendframework\library\Zend\Mvc\Application.php(327): Zend\Mvc\Application->completeRequest(Object(Zend\Mvc\MvcEvent))
#9 D:\xampp\htdocs\web-ir\koscian\public\index.php(17): Zend\Mvc\Application->run()
#10 {main}
2015-05-09T19:16:59+02:00 CRIT (2): exception 'Zend\View\Exception\RuntimeException' with message 'Zend\View\Renderer\PhpRenderer::render: Unable to render template "cms-ir/system/create-thumb"; resolver could not resolve to a file' in D:\xampp\htdocs\web-ir\koscian\vendor\zendframework\zendframework\library\Zend\View\Renderer\PhpRenderer.php:498
Stack trace:
#0 D:\xampp\htdocs\web-ir\koscian\vendor\zendframework\zendframework\library\Zend\View\View.php(205): Zend\View\Renderer\PhpRenderer->render(Object(Zend\View\Model\ViewModel))
#1 D:\xampp\htdocs\web-ir\koscian\vendor\zendframework\zendframework\library\Zend\View\View.php(233): Zend\View\View->render(Object(Zend\View\Model\ViewModel))
#2 D:\xampp\htdocs\web-ir\koscian\vendor\zendframework\zendframework\library\Zend\View\View.php(198): Zend\View\View->renderChildren(Object(Zend\View\Model\ViewModel))
#3 D:\xampp\htdocs\web-ir\koscian\vendor\zendframework\zendframework\library\Zend\Mvc\View\Http\DefaultRenderingStrategy.php(103): Zend\View\View->render(Object(Zend\View\Model\ViewModel))
#4 [internal function]: Zend\Mvc\View\Http\DefaultRenderingStrategy->render(Object(Zend\Mvc\MvcEvent))
#5 D:\xampp\htdocs\web-ir\koscian\vendor\zendframework\zendframework\library\Zend\EventManager\EventManager.php(468): call_user_func(Array, Object(Zend\Mvc\MvcEvent))
#6 D:\xampp\htdocs\web-ir\koscian\vendor\zendframework\zendframework\library\Zend\EventManager\EventManager.php(207): Zend\EventManager\EventManager->triggerListeners('render', Object(Zend\Mvc\MvcEvent), Array)
#7 D:\xampp\htdocs\web-ir\koscian\vendor\zendframework\zendframework\library\Zend\Mvc\Application.php(352): Zend\EventManager\EventManager->trigger('render', Object(Zend\Mvc\MvcEvent))
#8 D:\xampp\htdocs\web-ir\koscian\vendor\zendframework\zendframework\library\Zend\Mvc\Application.php(327): Zend\Mvc\Application->completeRequest(Object(Zend\Mvc\MvcEvent))
#9 D:\xampp\htdocs\web-ir\koscian\public\index.php(17): Zend\Mvc\Application->run()
#10 {main}
2015-05-09T19:18:18+02:00 CRIT (2): exception 'Zend\View\Exception\RuntimeException' with message 'Zend\View\Renderer\PhpRenderer::render: Unable to render template "cms-ir/system/create-thumb"; resolver could not resolve to a file' in D:\xampp\htdocs\web-ir\koscian\vendor\zendframework\zendframework\library\Zend\View\Renderer\PhpRenderer.php:498
Stack trace:
#0 D:\xampp\htdocs\web-ir\koscian\vendor\zendframework\zendframework\library\Zend\View\View.php(205): Zend\View\Renderer\PhpRenderer->render(Object(Zend\View\Model\ViewModel))
#1 D:\xampp\htdocs\web-ir\koscian\vendor\zendframework\zendframework\library\Zend\View\View.php(233): Zend\View\View->render(Object(Zend\View\Model\ViewModel))
#2 D:\xampp\htdocs\web-ir\koscian\vendor\zendframework\zendframework\library\Zend\View\View.php(198): Zend\View\View->renderChildren(Object(Zend\View\Model\ViewModel))
#3 D:\xampp\htdocs\web-ir\koscian\vendor\zendframework\zendframework\library\Zend\Mvc\View\Http\DefaultRenderingStrategy.php(103): Zend\View\View->render(Object(Zend\View\Model\ViewModel))
#4 [internal function]: Zend\Mvc\View\Http\DefaultRenderingStrategy->render(Object(Zend\Mvc\MvcEvent))
#5 D:\xampp\htdocs\web-ir\koscian\vendor\zendframework\zendframework\library\Zend\EventManager\EventManager.php(468): call_user_func(Array, Object(Zend\Mvc\MvcEvent))
#6 D:\xampp\htdocs\web-ir\koscian\vendor\zendframework\zendframework\library\Zend\EventManager\EventManager.php(207): Zend\EventManager\EventManager->triggerListeners('render', Object(Zend\Mvc\MvcEvent), Array)
#7 D:\xampp\htdocs\web-ir\koscian\vendor\zendframework\zendframework\library\Zend\Mvc\Application.php(352): Zend\EventManager\EventManager->trigger('render', Object(Zend\Mvc\MvcEvent))
#8 D:\xampp\htdocs\web-ir\koscian\vendor\zendframework\zendframework\library\Zend\Mvc\Application.php(327): Zend\Mvc\Application->completeRequest(Object(Zend\Mvc\MvcEvent))
#9 D:\xampp\htdocs\web-ir\koscian\public\index.php(17): Zend\Mvc\Application->run()
#10 {main}
2015-05-09T19:18:19+02:00 CRIT (2): exception 'Zend\View\Exception\RuntimeException' with message 'Zend\View\Renderer\PhpRenderer::render: Unable to render template "cms-ir/system/create-thumb"; resolver could not resolve to a file' in D:\xampp\htdocs\web-ir\koscian\vendor\zendframework\zendframework\library\Zend\View\Renderer\PhpRenderer.php:498
Stack trace:
#0 D:\xampp\htdocs\web-ir\koscian\vendor\zendframework\zendframework\library\Zend\View\View.php(205): Zend\View\Renderer\PhpRenderer->render(Object(Zend\View\Model\ViewModel))
#1 D:\xampp\htdocs\web-ir\koscian\vendor\zendframework\zendframework\library\Zend\View\View.php(233): Zend\View\View->render(Object(Zend\View\Model\ViewModel))
#2 D:\xampp\htdocs\web-ir\koscian\vendor\zendframework\zendframework\library\Zend\View\View.php(198): Zend\View\View->renderChildren(Object(Zend\View\Model\ViewModel))
#3 D:\xampp\htdocs\web-ir\koscian\vendor\zendframework\zendframework\library\Zend\Mvc\View\Http\DefaultRenderingStrategy.php(103): Zend\View\View->render(Object(Zend\View\Model\ViewModel))
#4 [internal function]: Zend\Mvc\View\Http\DefaultRenderingStrategy->render(Object(Zend\Mvc\MvcEvent))
#5 D:\xampp\htdocs\web-ir\koscian\vendor\zendframework\zendframework\library\Zend\EventManager\EventManager.php(468): call_user_func(Array, Object(Zend\Mvc\MvcEvent))
#6 D:\xampp\htdocs\web-ir\koscian\vendor\zendframework\zendframework\library\Zend\EventManager\EventManager.php(207): Zend\EventManager\EventManager->triggerListeners('render', Object(Zend\Mvc\MvcEvent), Array)
#7 D:\xampp\htdocs\web-ir\koscian\vendor\zendframework\zendframework\library\Zend\Mvc\Application.php(352): Zend\EventManager\EventManager->trigger('render', Object(Zend\Mvc\MvcEvent))
#8 D:\xampp\htdocs\web-ir\koscian\vendor\zendframework\zendframework\library\Zend\Mvc\Application.php(327): Zend\Mvc\Application->completeRequest(Object(Zend\Mvc\MvcEvent))
#9 D:\xampp\htdocs\web-ir\koscian\public\index.php(17): Zend\Mvc\Application->run()
#10 {main}
2015-05-09T19:19:09+02:00 CRIT (2): exception 'Zend\View\Exception\RuntimeException' with message 'Zend\View\Renderer\PhpRenderer::render: Unable to render template "cms-ir/system/create-thumb"; resolver could not resolve to a file' in D:\xampp\htdocs\web-ir\koscian\vendor\zendframework\zendframework\library\Zend\View\Renderer\PhpRenderer.php:498
Stack trace:
#0 D:\xampp\htdocs\web-ir\koscian\vendor\zendframework\zendframework\library\Zend\View\View.php(205): Zend\View\Renderer\PhpRenderer->render(Object(Zend\View\Model\ViewModel))
#1 D:\xampp\htdocs\web-ir\koscian\vendor\zendframework\zendframework\library\Zend\View\View.php(233): Zend\View\View->render(Object(Zend\View\Model\ViewModel))
#2 D:\xampp\htdocs\web-ir\koscian\vendor\zendframework\zendframework\library\Zend\View\View.php(198): Zend\View\View->renderChildren(Object(Zend\View\Model\ViewModel))
#3 D:\xampp\htdocs\web-ir\koscian\vendor\zendframework\zendframework\library\Zend\Mvc\View\Http\DefaultRenderingStrategy.php(103): Zend\View\View->render(Object(Zend\View\Model\ViewModel))
#4 [internal function]: Zend\Mvc\View\Http\DefaultRenderingStrategy->render(Object(Zend\Mvc\MvcEvent))
#5 D:\xampp\htdocs\web-ir\koscian\vendor\zendframework\zendframework\library\Zend\EventManager\EventManager.php(468): call_user_func(Array, Object(Zend\Mvc\MvcEvent))
#6 D:\xampp\htdocs\web-ir\koscian\vendor\zendframework\zendframework\library\Zend\EventManager\EventManager.php(207): Zend\EventManager\EventManager->triggerListeners('render', Object(Zend\Mvc\MvcEvent), Array)
#7 D:\xampp\htdocs\web-ir\koscian\vendor\zendframework\zendframework\library\Zend\Mvc\Application.php(352): Zend\EventManager\EventManager->trigger('render', Object(Zend\Mvc\MvcEvent))
#8 D:\xampp\htdocs\web-ir\koscian\vendor\zendframework\zendframework\library\Zend\Mvc\Application.php(327): Zend\Mvc\Application->completeRequest(Object(Zend\Mvc\MvcEvent))
#9 D:\xampp\htdocs\web-ir\koscian\public\index.php(17): Zend\Mvc\Application->run()
#10 {main}
2015-05-09T19:19:10+02:00 CRIT (2): exception 'Zend\View\Exception\RuntimeException' with message 'Zend\View\Renderer\PhpRenderer::render: Unable to render template "cms-ir/system/create-thumb"; resolver could not resolve to a file' in D:\xampp\htdocs\web-ir\koscian\vendor\zendframework\zendframework\library\Zend\View\Renderer\PhpRenderer.php:498
Stack trace:
#0 D:\xampp\htdocs\web-ir\koscian\vendor\zendframework\zendframework\library\Zend\View\View.php(205): Zend\View\Renderer\PhpRenderer->render(Object(Zend\View\Model\ViewModel))
#1 D:\xampp\htdocs\web-ir\koscian\vendor\zendframework\zendframework\library\Zend\View\View.php(233): Zend\View\View->render(Object(Zend\View\Model\ViewModel))
#2 D:\xampp\htdocs\web-ir\koscian\vendor\zendframework\zendframework\library\Zend\View\View.php(198): Zend\View\View->renderChildren(Object(Zend\View\Model\ViewModel))
#3 D:\xampp\htdocs\web-ir\koscian\vendor\zendframework\zendframework\library\Zend\Mvc\View\Http\DefaultRenderingStrategy.php(103): Zend\View\View->render(Object(Zend\View\Model\ViewModel))
#4 [internal function]: Zend\Mvc\View\Http\DefaultRenderingStrategy->render(Object(Zend\Mvc\MvcEvent))
#5 D:\xampp\htdocs\web-ir\koscian\vendor\zendframework\zendframework\library\Zend\EventManager\EventManager.php(468): call_user_func(Array, Object(Zend\Mvc\MvcEvent))
#6 D:\xampp\htdocs\web-ir\koscian\vendor\zendframework\zendframework\library\Zend\EventManager\EventManager.php(207): Zend\EventManager\EventManager->triggerListeners('render', Object(Zend\Mvc\MvcEvent), Array)
#7 D:\xampp\htdocs\web-ir\koscian\vendor\zendframework\zendframework\library\Zend\Mvc\Application.php(352): Zend\EventManager\EventManager->trigger('render', Object(Zend\Mvc\MvcEvent))
#8 D:\xampp\htdocs\web-ir\koscian\vendor\zendframework\zendframework\library\Zend\Mvc\Application.php(327): Zend\Mvc\Application->completeRequest(Object(Zend\Mvc\MvcEvent))
#9 D:\xampp\htdocs\web-ir\koscian\public\index.php(17): Zend\Mvc\Application->run()
#10 {main}
2015-05-09T19:35:10+02:00 CRIT (2): exception 'Zend\View\Exception\RuntimeException' with message 'Zend\View\Renderer\PhpRenderer::render: Unable to render template "cms-ir/system/create-thumb"; resolver could not resolve to a file' in D:\xampp\htdocs\web-ir\koscian\vendor\zendframework\zendframework\library\Zend\View\Renderer\PhpRenderer.php:498
Stack trace:
#0 D:\xampp\htdocs\web-ir\koscian\vendor\zendframework\zendframework\library\Zend\View\View.php(205): Zend\View\Renderer\PhpRenderer->render(Object(Zend\View\Model\ViewModel))
#1 D:\xampp\htdocs\web-ir\koscian\vendor\zendframework\zendframework\library\Zend\View\View.php(233): Zend\View\View->render(Object(Zend\View\Model\ViewModel))
#2 D:\xampp\htdocs\web-ir\koscian\vendor\zendframework\zendframework\library\Zend\View\View.php(198): Zend\View\View->renderChildren(Object(Zend\View\Model\ViewModel))
#3 D:\xampp\htdocs\web-ir\koscian\vendor\zendframework\zendframework\library\Zend\Mvc\View\Http\DefaultRenderingStrategy.php(103): Zend\View\View->render(Object(Zend\View\Model\ViewModel))
#4 [internal function]: Zend\Mvc\View\Http\DefaultRenderingStrategy->render(Object(Zend\Mvc\MvcEvent))
#5 D:\xampp\htdocs\web-ir\koscian\vendor\zendframework\zendframework\library\Zend\EventManager\EventManager.php(468): call_user_func(Array, Object(Zend\Mvc\MvcEvent))
#6 D:\xampp\htdocs\web-ir\koscian\vendor\zendframework\zendframework\library\Zend\EventManager\EventManager.php(207): Zend\EventManager\EventManager->triggerListeners('render', Object(Zend\Mvc\MvcEvent), Array)
#7 D:\xampp\htdocs\web-ir\koscian\vendor\zendframework\zendframework\library\Zend\Mvc\Application.php(352): Zend\EventManager\EventManager->trigger('render', Object(Zend\Mvc\MvcEvent))
#8 D:\xampp\htdocs\web-ir\koscian\vendor\zendframework\zendframework\library\Zend\Mvc\Application.php(327): Zend\Mvc\Application->completeRequest(Object(Zend\Mvc\MvcEvent))
#9 D:\xampp\htdocs\web-ir\koscian\public\index.php(17): Zend\Mvc\Application->run()
#10 {main}
2015-05-09T19:35:11+02:00 CRIT (2): exception 'Zend\View\Exception\RuntimeException' with message 'Zend\View\Renderer\PhpRenderer::render: Unable to render template "cms-ir/system/create-thumb"; resolver could not resolve to a file' in D:\xampp\htdocs\web-ir\koscian\vendor\zendframework\zendframework\library\Zend\View\Renderer\PhpRenderer.php:498
Stack trace:
#0 D:\xampp\htdocs\web-ir\koscian\vendor\zendframework\zendframework\library\Zend\View\View.php(205): Zend\View\Renderer\PhpRenderer->render(Object(Zend\View\Model\ViewModel))
#1 D:\xampp\htdocs\web-ir\koscian\vendor\zendframework\zendframework\library\Zend\View\View.php(233): Zend\View\View->render(Object(Zend\View\Model\ViewModel))
#2 D:\xampp\htdocs\web-ir\koscian\vendor\zendframework\zendframework\library\Zend\View\View.php(198): Zend\View\View->renderChildren(Object(Zend\View\Model\ViewModel))
#3 D:\xampp\htdocs\web-ir\koscian\vendor\zendframework\zendframework\library\Zend\Mvc\View\Http\DefaultRenderingStrategy.php(103): Zend\View\View->render(Object(Zend\View\Model\ViewModel))
#4 [internal function]: Zend\Mvc\View\Http\DefaultRenderingStrategy->render(Object(Zend\Mvc\MvcEvent))
#5 D:\xampp\htdocs\web-ir\koscian\vendor\zendframework\zendframework\library\Zend\EventManager\EventManager.php(468): call_user_func(Array, Object(Zend\Mvc\MvcEvent))
#6 D:\xampp\htdocs\web-ir\koscian\vendor\zendframework\zendframework\library\Zend\EventManager\EventManager.php(207): Zend\EventManager\EventManager->triggerListeners('render', Object(Zend\Mvc\MvcEvent), Array)
#7 D:\xampp\htdocs\web-ir\koscian\vendor\zendframework\zendframework\library\Zend\Mvc\Application.php(352): Zend\EventManager\EventManager->trigger('render', Object(Zend\Mvc\MvcEvent))
#8 D:\xampp\htdocs\web-ir\koscian\vendor\zendframework\zendframework\library\Zend\Mvc\Application.php(327): Zend\Mvc\Application->completeRequest(Object(Zend\Mvc\MvcEvent))
#9 D:\xampp\htdocs\web-ir\koscian\public\index.php(17): Zend\Mvc\Application->run()
#10 {main}
2015-05-09T19:37:18+02:00 CRIT (2): exception 'Zend\View\Exception\RuntimeException' with message 'Zend\View\Renderer\PhpRenderer::render: Unable to render template "cms-ir/system/create-thumb"; resolver could not resolve to a file' in D:\xampp\htdocs\web-ir\koscian\vendor\zendframework\zendframework\library\Zend\View\Renderer\PhpRenderer.php:498
Stack trace:
#0 D:\xampp\htdocs\web-ir\koscian\vendor\zendframework\zendframework\library\Zend\View\View.php(205): Zend\View\Renderer\PhpRenderer->render(Object(Zend\View\Model\ViewModel))
#1 D:\xampp\htdocs\web-ir\koscian\vendor\zendframework\zendframework\library\Zend\View\View.php(233): Zend\View\View->render(Object(Zend\View\Model\ViewModel))
#2 D:\xampp\htdocs\web-ir\koscian\vendor\zendframework\zendframework\library\Zend\View\View.php(198): Zend\View\View->renderChildren(Object(Zend\View\Model\ViewModel))
#3 D:\xampp\htdocs\web-ir\koscian\vendor\zendframework\zendframework\library\Zend\Mvc\View\Http\DefaultRenderingStrategy.php(103): Zend\View\View->render(Object(Zend\View\Model\ViewModel))
#4 [internal function]: Zend\Mvc\View\Http\DefaultRenderingStrategy->render(Object(Zend\Mvc\MvcEvent))
#5 D:\xampp\htdocs\web-ir\koscian\vendor\zendframework\zendframework\library\Zend\EventManager\EventManager.php(468): call_user_func(Array, Object(Zend\Mvc\MvcEvent))
#6 D:\xampp\htdocs\web-ir\koscian\vendor\zendframework\zendframework\library\Zend\EventManager\EventManager.php(207): Zend\EventManager\EventManager->triggerListeners('render', Object(Zend\Mvc\MvcEvent), Array)
#7 D:\xampp\htdocs\web-ir\koscian\vendor\zendframework\zendframework\library\Zend\Mvc\Application.php(352): Zend\EventManager\EventManager->trigger('render', Object(Zend\Mvc\MvcEvent))
#8 D:\xampp\htdocs\web-ir\koscian\vendor\zendframework\zendframework\library\Zend\Mvc\Application.php(327): Zend\Mvc\Application->completeRequest(Object(Zend\Mvc\MvcEvent))
#9 D:\xampp\htdocs\web-ir\koscian\public\index.php(17): Zend\Mvc\Application->run()
#10 {main}
2015-05-09T19:37:19+02:00 CRIT (2): exception 'Zend\View\Exception\RuntimeException' with message 'Zend\View\Renderer\PhpRenderer::render: Unable to render template "cms-ir/system/create-thumb"; resolver could not resolve to a file' in D:\xampp\htdocs\web-ir\koscian\vendor\zendframework\zendframework\library\Zend\View\Renderer\PhpRenderer.php:498
Stack trace:
#0 D:\xampp\htdocs\web-ir\koscian\vendor\zendframework\zendframework\library\Zend\View\View.php(205): Zend\View\Renderer\PhpRenderer->render(Object(Zend\View\Model\ViewModel))
#1 D:\xampp\htdocs\web-ir\koscian\vendor\zendframework\zendframework\library\Zend\View\View.php(233): Zend\View\View->render(Object(Zend\View\Model\ViewModel))
#2 D:\xampp\htdocs\web-ir\koscian\vendor\zendframework\zendframework\library\Zend\View\View.php(198): Zend\View\View->renderChildren(Object(Zend\View\Model\ViewModel))
#3 D:\xampp\htdocs\web-ir\koscian\vendor\zendframework\zendframework\library\Zend\Mvc\View\Http\DefaultRenderingStrategy.php(103): Zend\View\View->render(Object(Zend\View\Model\ViewModel))
#4 [internal function]: Zend\Mvc\View\Http\DefaultRenderingStrategy->render(Object(Zend\Mvc\MvcEvent))
#5 D:\xampp\htdocs\web-ir\koscian\vendor\zendframework\zendframework\library\Zend\EventManager\EventManager.php(468): call_user_func(Array, Object(Zend\Mvc\MvcEvent))
#6 D:\xampp\htdocs\web-ir\koscian\vendor\zendframework\zendframework\library\Zend\EventManager\EventManager.php(207): Zend\EventManager\EventManager->triggerListeners('render', Object(Zend\Mvc\MvcEvent), Array)
#7 D:\xampp\htdocs\web-ir\koscian\vendor\zendframework\zendframework\library\Zend\Mvc\Application.php(352): Zend\EventManager\EventManager->trigger('render', Object(Zend\Mvc\MvcEvent))
#8 D:\xampp\htdocs\web-ir\koscian\vendor\zendframework\zendframework\library\Zend\Mvc\Application.php(327): Zend\Mvc\Application->completeRequest(Object(Zend\Mvc\MvcEvent))
#9 D:\xampp\htdocs\web-ir\koscian\public\index.php(17): Zend\Mvc\Application->run()
#10 {main}
2015-05-09T19:38:18+02:00 CRIT (2): exception 'Zend\View\Exception\RuntimeException' with message 'Zend\View\Renderer\PhpRenderer::render: Unable to render template "cms-ir/system/create-thumb"; resolver could not resolve to a file' in D:\xampp\htdocs\web-ir\koscian\vendor\zendframework\zendframework\library\Zend\View\Renderer\PhpRenderer.php:498
Stack trace:
#0 D:\xampp\htdocs\web-ir\koscian\vendor\zendframework\zendframework\library\Zend\View\View.php(205): Zend\View\Renderer\PhpRenderer->render(Object(Zend\View\Model\ViewModel))
#1 D:\xampp\htdocs\web-ir\koscian\vendor\zendframework\zendframework\library\Zend\View\View.php(233): Zend\View\View->render(Object(Zend\View\Model\ViewModel))
#2 D:\xampp\htdocs\web-ir\koscian\vendor\zendframework\zendframework\library\Zend\View\View.php(198): Zend\View\View->renderChildren(Object(Zend\View\Model\ViewModel))
#3 D:\xampp\htdocs\web-ir\koscian\vendor\zendframework\zendframework\library\Zend\Mvc\View\Http\DefaultRenderingStrategy.php(103): Zend\View\View->render(Object(Zend\View\Model\ViewModel))
#4 [internal function]: Zend\Mvc\View\Http\DefaultRenderingStrategy->render(Object(Zend\Mvc\MvcEvent))
#5 D:\xampp\htdocs\web-ir\koscian\vendor\zendframework\zendframework\library\Zend\EventManager\EventManager.php(468): call_user_func(Array, Object(Zend\Mvc\MvcEvent))
#6 D:\xampp\htdocs\web-ir\koscian\vendor\zendframework\zendframework\library\Zend\EventManager\EventManager.php(207): Zend\EventManager\EventManager->triggerListeners('render', Object(Zend\Mvc\MvcEvent), Array)
#7 D:\xampp\htdocs\web-ir\koscian\vendor\zendframework\zendframework\library\Zend\Mvc\Application.php(352): Zend\EventManager\EventManager->trigger('render', Object(Zend\Mvc\MvcEvent))
#8 D:\xampp\htdocs\web-ir\koscian\vendor\zendframework\zendframework\library\Zend\Mvc\Application.php(327): Zend\Mvc\Application->completeRequest(Object(Zend\Mvc\MvcEvent))
#9 D:\xampp\htdocs\web-ir\koscian\public\index.php(17): Zend\Mvc\Application->run()
#10 {main}
2015-05-09T19:38:19+02:00 CRIT (2): exception 'Zend\View\Exception\RuntimeException' with message 'Zend\View\Renderer\PhpRenderer::render: Unable to render template "cms-ir/system/create-thumb"; resolver could not resolve to a file' in D:\xampp\htdocs\web-ir\koscian\vendor\zendframework\zendframework\library\Zend\View\Renderer\PhpRenderer.php:498
Stack trace:
#0 D:\xampp\htdocs\web-ir\koscian\vendor\zendframework\zendframework\library\Zend\View\View.php(205): Zend\View\Renderer\PhpRenderer->render(Object(Zend\View\Model\ViewModel))
#1 D:\xampp\htdocs\web-ir\koscian\vendor\zendframework\zendframework\library\Zend\View\View.php(233): Zend\View\View->render(Object(Zend\View\Model\ViewModel))
#2 D:\xampp\htdocs\web-ir\koscian\vendor\zendframework\zendframework\library\Zend\View\View.php(198): Zend\View\View->renderChildren(Object(Zend\View\Model\ViewModel))
#3 D:\xampp\htdocs\web-ir\koscian\vendor\zendframework\zendframework\library\Zend\Mvc\View\Http\DefaultRenderingStrategy.php(103): Zend\View\View->render(Object(Zend\View\Model\ViewModel))
#4 [internal function]: Zend\Mvc\View\Http\DefaultRenderingStrategy->render(Object(Zend\Mvc\MvcEvent))
#5 D:\xampp\htdocs\web-ir\koscian\vendor\zendframework\zendframework\library\Zend\EventManager\EventManager.php(468): call_user_func(Array, Object(Zend\Mvc\MvcEvent))
#6 D:\xampp\htdocs\web-ir\koscian\vendor\zendframework\zendframework\library\Zend\EventManager\EventManager.php(207): Zend\EventManager\EventManager->triggerListeners('render', Object(Zend\Mvc\MvcEvent), Array)
#7 D:\xampp\htdocs\web-ir\koscian\vendor\zendframework\zendframework\library\Zend\Mvc\Application.php(352): Zend\EventManager\EventManager->trigger('render', Object(Zend\Mvc\MvcEvent))
#8 D:\xampp\htdocs\web-ir\koscian\vendor\zendframework\zendframework\library\Zend\Mvc\Application.php(327): Zend\Mvc\Application->completeRequest(Object(Zend\Mvc\MvcEvent))
#9 D:\xampp\htdocs\web-ir\koscian\public\index.php(17): Zend\Mvc\Application->run()
#10 {main}
2015-05-09T19:39:29+02:00 CRIT (2): exception 'Zend\View\Exception\RuntimeException' with message 'Zend\View\Renderer\PhpRenderer::render: Unable to render template "cms-ir/system/create-thumb"; resolver could not resolve to a file' in D:\xampp\htdocs\web-ir\koscian\vendor\zendframework\zendframework\library\Zend\View\Renderer\PhpRenderer.php:498
Stack trace:
#0 D:\xampp\htdocs\web-ir\koscian\vendor\zendframework\zendframework\library\Zend\View\View.php(205): Zend\View\Renderer\PhpRenderer->render(Object(Zend\View\Model\ViewModel))
#1 D:\xampp\htdocs\web-ir\koscian\vendor\zendframework\zendframework\library\Zend\View\View.php(233): Zend\View\View->render(Object(Zend\View\Model\ViewModel))
#2 D:\xampp\htdocs\web-ir\koscian\vendor\zendframework\zendframework\library\Zend\View\View.php(198): Zend\View\View->renderChildren(Object(Zend\View\Model\ViewModel))
#3 D:\xampp\htdocs\web-ir\koscian\vendor\zendframework\zendframework\library\Zend\Mvc\View\Http\DefaultRenderingStrategy.php(103): Zend\View\View->render(Object(Zend\View\Model\ViewModel))
#4 [internal function]: Zend\Mvc\View\Http\DefaultRenderingStrategy->render(Object(Zend\Mvc\MvcEvent))
#5 D:\xampp\htdocs\web-ir\koscian\vendor\zendframework\zendframework\library\Zend\EventManager\EventManager.php(468): call_user_func(Array, Object(Zend\Mvc\MvcEvent))
#6 D:\xampp\htdocs\web-ir\koscian\vendor\zendframework\zendframework\library\Zend\EventManager\EventManager.php(207): Zend\EventManager\EventManager->triggerListeners('render', Object(Zend\Mvc\MvcEvent), Array)
#7 D:\xampp\htdocs\web-ir\koscian\vendor\zendframework\zendframework\library\Zend\Mvc\Application.php(352): Zend\EventManager\EventManager->trigger('render', Object(Zend\Mvc\MvcEvent))
#8 D:\xampp\htdocs\web-ir\koscian\vendor\zendframework\zendframework\library\Zend\Mvc\Application.php(327): Zend\Mvc\Application->completeRequest(Object(Zend\Mvc\MvcEvent))
#9 D:\xampp\htdocs\web-ir\koscian\public\index.php(17): Zend\Mvc\Application->run()
#10 {main}
2015-05-09T19:39:30+02:00 CRIT (2): exception 'Zend\View\Exception\RuntimeException' with message 'Zend\View\Renderer\PhpRenderer::render: Unable to render template "cms-ir/system/create-thumb"; resolver could not resolve to a file' in D:\xampp\htdocs\web-ir\koscian\vendor\zendframework\zendframework\library\Zend\View\Renderer\PhpRenderer.php:498
Stack trace:
#0 D:\xampp\htdocs\web-ir\koscian\vendor\zendframework\zendframework\library\Zend\View\View.php(205): Zend\View\Renderer\PhpRenderer->render(Object(Zend\View\Model\ViewModel))
#1 D:\xampp\htdocs\web-ir\koscian\vendor\zendframework\zendframework\library\Zend\View\View.php(233): Zend\View\View->render(Object(Zend\View\Model\ViewModel))
#2 D:\xampp\htdocs\web-ir\koscian\vendor\zendframework\zendframework\library\Zend\View\View.php(198): Zend\View\View->renderChildren(Object(Zend\View\Model\ViewModel))
#3 D:\xampp\htdocs\web-ir\koscian\vendor\zendframework\zendframework\library\Zend\Mvc\View\Http\DefaultRenderingStrategy.php(103): Zend\View\View->render(Object(Zend\View\Model\ViewModel))
#4 [internal function]: Zend\Mvc\View\Http\DefaultRenderingStrategy->render(Object(Zend\Mvc\MvcEvent))
#5 D:\xampp\htdocs\web-ir\koscian\vendor\zendframework\zendframework\library\Zend\EventManager\EventManager.php(468): call_user_func(Array, Object(Zend\Mvc\MvcEvent))
#6 D:\xampp\htdocs\web-ir\koscian\vendor\zendframework\zendframework\library\Zend\EventManager\EventManager.php(207): Zend\EventManager\EventManager->triggerListeners('render', Object(Zend\Mvc\MvcEvent), Array)
#7 D:\xampp\htdocs\web-ir\koscian\vendor\zendframework\zendframework\library\Zend\Mvc\Application.php(352): Zend\EventManager\EventManager->trigger('render', Object(Zend\Mvc\MvcEvent))
#8 D:\xampp\htdocs\web-ir\koscian\vendor\zendframework\zendframework\library\Zend\Mvc\Application.php(327): Zend\Mvc\Application->completeRequest(Object(Zend\Mvc\MvcEvent))
#9 D:\xampp\htdocs\web-ir\koscian\public\index.php(17): Zend\Mvc\Application->run()
#10 {main}
2015-05-09T19:40:20+02:00 CRIT (2): exception 'Zend\View\Exception\RuntimeException' with message 'Zend\View\Renderer\PhpRenderer::render: Unable to render template "cms-ir/system/create-thumb"; resolver could not resolve to a file' in D:\xampp\htdocs\web-ir\koscian\vendor\zendframework\zendframework\library\Zend\View\Renderer\PhpRenderer.php:498
Stack trace:
#0 D:\xampp\htdocs\web-ir\koscian\vendor\zendframework\zendframework\library\Zend\View\View.php(205): Zend\View\Renderer\PhpRenderer->render(Object(Zend\View\Model\ViewModel))
#1 D:\xampp\htdocs\web-ir\koscian\vendor\zendframework\zendframework\library\Zend\View\View.php(233): Zend\View\View->render(Object(Zend\View\Model\ViewModel))
#2 D:\xampp\htdocs\web-ir\koscian\vendor\zendframework\zendframework\library\Zend\View\View.php(198): Zend\View\View->renderChildren(Object(Zend\View\Model\ViewModel))
#3 D:\xampp\htdocs\web-ir\koscian\vendor\zendframework\zendframework\library\Zend\Mvc\View\Http\DefaultRenderingStrategy.php(103): Zend\View\View->render(Object(Zend\View\Model\ViewModel))
#4 [internal function]: Zend\Mvc\View\Http\DefaultRenderingStrategy->render(Object(Zend\Mvc\MvcEvent))
#5 D:\xampp\htdocs\web-ir\koscian\vendor\zendframework\zendframework\library\Zend\EventManager\EventManager.php(468): call_user_func(Array, Object(Zend\Mvc\MvcEvent))
#6 D:\xampp\htdocs\web-ir\koscian\vendor\zendframework\zendframework\library\Zend\EventManager\EventManager.php(207): Zend\EventManager\EventManager->triggerListeners('render', Object(Zend\Mvc\MvcEvent), Array)
#7 D:\xampp\htdocs\web-ir\koscian\vendor\zendframework\zendframework\library\Zend\Mvc\Application.php(352): Zend\EventManager\EventManager->trigger('render', Object(Zend\Mvc\MvcEvent))
#8 D:\xampp\htdocs\web-ir\koscian\vendor\zendframework\zendframework\library\Zend\Mvc\Application.php(327): Zend\Mvc\Application->completeRequest(Object(Zend\Mvc\MvcEvent))
#9 D:\xampp\htdocs\web-ir\koscian\public\index.php(17): Zend\Mvc\Application->run()
#10 {main}
2015-05-09T19:40:21+02:00 CRIT (2): exception 'Zend\View\Exception\RuntimeException' with message 'Zend\View\Renderer\PhpRenderer::render: Unable to render template "cms-ir/system/create-thumb"; resolver could not resolve to a file' in D:\xampp\htdocs\web-ir\koscian\vendor\zendframework\zendframework\library\Zend\View\Renderer\PhpRenderer.php:498
Stack trace:
#0 D:\xampp\htdocs\web-ir\koscian\vendor\zendframework\zendframework\library\Zend\View\View.php(205): Zend\View\Renderer\PhpRenderer->render(Object(Zend\View\Model\ViewModel))
#1 D:\xampp\htdocs\web-ir\koscian\vendor\zendframework\zendframework\library\Zend\View\View.php(233): Zend\View\View->render(Object(Zend\View\Model\ViewModel))
#2 D:\xampp\htdocs\web-ir\koscian\vendor\zendframework\zendframework\library\Zend\View\View.php(198): Zend\View\View->renderChildren(Object(Zend\View\Model\ViewModel))
#3 D:\xampp\htdocs\web-ir\koscian\vendor\zendframework\zendframework\library\Zend\Mvc\View\Http\DefaultRenderingStrategy.php(103): Zend\View\View->render(Object(Zend\View\Model\ViewModel))
#4 [internal function]: Zend\Mvc\View\Http\DefaultRenderingStrategy->render(Object(Zend\Mvc\MvcEvent))
#5 D:\xampp\htdocs\web-ir\koscian\vendor\zendframework\zendframework\library\Zend\EventManager\EventManager.php(468): call_user_func(Array, Object(Zend\Mvc\MvcEvent))
#6 D:\xampp\htdocs\web-ir\koscian\vendor\zendframework\zendframework\library\Zend\EventManager\EventManager.php(207): Zend\EventManager\EventManager->triggerListeners('render', Object(Zend\Mvc\MvcEvent), Array)
#7 D:\xampp\htdocs\web-ir\koscian\vendor\zendframework\zendframework\library\Zend\Mvc\Application.php(352): Zend\EventManager\EventManager->trigger('render', Object(Zend\Mvc\MvcEvent))
#8 D:\xampp\htdocs\web-ir\koscian\vendor\zendframework\zendframework\library\Zend\Mvc\Application.php(327): Zend\Mvc\Application->completeRequest(Object(Zend\Mvc\MvcEvent))
#9 D:\xampp\htdocs\web-ir\koscian\public\index.php(17): Zend\Mvc\Application->run()
#10 {main}
2015-05-09T19:48:13+02:00 CRIT (2): exception 'Zend\View\Exception\RuntimeException' with message 'Zend\View\Renderer\PhpRenderer::render: Unable to render template "cms-ir/system/create-thumb"; resolver could not resolve to a file' in D:\xampp\htdocs\web-ir\koscian\vendor\zendframework\zendframework\library\Zend\View\Renderer\PhpRenderer.php:498
Stack trace:
#0 D:\xampp\htdocs\web-ir\koscian\vendor\zendframework\zendframework\library\Zend\View\View.php(205): Zend\View\Renderer\PhpRenderer->render(Object(Zend\View\Model\ViewModel))
#1 D:\xampp\htdocs\web-ir\koscian\vendor\zendframework\zendframework\library\Zend\View\View.php(233): Zend\View\View->render(Object(Zend\View\Model\ViewModel))
#2 D:\xampp\htdocs\web-ir\koscian\vendor\zendframework\zendframework\library\Zend\View\View.php(198): Zend\View\View->renderChildren(Object(Zend\View\Model\ViewModel))
#3 D:\xampp\htdocs\web-ir\koscian\vendor\zendframework\zendframework\library\Zend\Mvc\View\Http\DefaultRenderingStrategy.php(103): Zend\View\View->render(Object(Zend\View\Model\ViewModel))
#4 [internal function]: Zend\Mvc\View\Http\DefaultRenderingStrategy->render(Object(Zend\Mvc\MvcEvent))
#5 D:\xampp\htdocs\web-ir\koscian\vendor\zendframework\zendframework\library\Zend\EventManager\EventManager.php(468): call_user_func(Array, Object(Zend\Mvc\MvcEvent))
#6 D:\xampp\htdocs\web-ir\koscian\vendor\zendframework\zendframework\library\Zend\EventManager\EventManager.php(207): Zend\EventManager\EventManager->triggerListeners('render', Object(Zend\Mvc\MvcEvent), Array)
#7 D:\xampp\htdocs\web-ir\koscian\vendor\zendframework\zendframework\library\Zend\Mvc\Application.php(352): Zend\EventManager\EventManager->trigger('render', Object(Zend\Mvc\MvcEvent))
#8 D:\xampp\htdocs\web-ir\koscian\vendor\zendframework\zendframework\library\Zend\Mvc\Application.php(327): Zend\Mvc\Application->completeRequest(Object(Zend\Mvc\MvcEvent))
#9 D:\xampp\htdocs\web-ir\koscian\public\index.php(17): Zend\Mvc\Application->run()
#10 {main}
2015-05-09T19:48:14+02:00 CRIT (2): exception 'Zend\View\Exception\RuntimeException' with message 'Zend\View\Renderer\PhpRenderer::render: Unable to render template "cms-ir/system/create-thumb"; resolver could not resolve to a file' in D:\xampp\htdocs\web-ir\koscian\vendor\zendframework\zendframework\library\Zend\View\Renderer\PhpRenderer.php:498
Stack trace:
#0 D:\xampp\htdocs\web-ir\koscian\vendor\zendframework\zendframework\library\Zend\View\View.php(205): Zend\View\Renderer\PhpRenderer->render(Object(Zend\View\Model\ViewModel))
#1 D:\xampp\htdocs\web-ir\koscian\vendor\zendframework\zendframework\library\Zend\View\View.php(233): Zend\View\View->render(Object(Zend\View\Model\ViewModel))
#2 D:\xampp\htdocs\web-ir\koscian\vendor\zendframework\zendframework\library\Zend\View\View.php(198): Zend\View\View->renderChildren(Object(Zend\View\Model\ViewModel))
#3 D:\xampp\htdocs\web-ir\koscian\vendor\zendframework\zendframework\library\Zend\Mvc\View\Http\DefaultRenderingStrategy.php(103): Zend\View\View->render(Object(Zend\View\Model\ViewModel))
#4 [internal function]: Zend\Mvc\View\Http\DefaultRenderingStrategy->render(Object(Zend\Mvc\MvcEvent))
#5 D:\xampp\htdocs\web-ir\koscian\vendor\zendframework\zendframework\library\Zend\EventManager\EventManager.php(468): call_user_func(Array, Object(Zend\Mvc\MvcEvent))
#6 D:\xampp\htdocs\web-ir\koscian\vendor\zendframework\zendframework\library\Zend\EventManager\EventManager.php(207): Zend\EventManager\EventManager->triggerListeners('render', Object(Zend\Mvc\MvcEvent), Array)
#7 D:\xampp\htdocs\web-ir\koscian\vendor\zendframework\zendframework\library\Zend\Mvc\Application.php(352): Zend\EventManager\EventManager->trigger('render', Object(Zend\Mvc\MvcEvent))
#8 D:\xampp\htdocs\web-ir\koscian\vendor\zendframework\zendframework\library\Zend\Mvc\Application.php(327): Zend\Mvc\Application->completeRequest(Object(Zend\Mvc\MvcEvent))
#9 D:\xampp\htdocs\web-ir\koscian\public\index.php(17): Zend\Mvc\Application->run()
#10 {main}
2015-05-09T19:49:08+02:00 CRIT (2): exception 'Zend\View\Exception\RuntimeException' with message 'Zend\View\Renderer\PhpRenderer::render: Unable to render template "cms-ir/system/create-thumb"; resolver could not resolve to a file' in D:\xampp\htdocs\web-ir\koscian\vendor\zendframework\zendframework\library\Zend\View\Renderer\PhpRenderer.php:498
Stack trace:
#0 D:\xampp\htdocs\web-ir\koscian\vendor\zendframework\zendframework\library\Zend\View\View.php(205): Zend\View\Renderer\PhpRenderer->render(Object(Zend\View\Model\ViewModel))
#1 D:\xampp\htdocs\web-ir\koscian\vendor\zendframework\zendframework\library\Zend\View\View.php(233): Zend\View\View->render(Object(Zend\View\Model\ViewModel))
#2 D:\xampp\htdocs\web-ir\koscian\vendor\zendframework\zendframework\library\Zend\View\View.php(198): Zend\View\View->renderChildren(Object(Zend\View\Model\ViewModel))
#3 D:\xampp\htdocs\web-ir\koscian\vendor\zendframework\zendframework\library\Zend\Mvc\View\Http\DefaultRenderingStrategy.php(103): Zend\View\View->render(Object(Zend\View\Model\ViewModel))
#4 [internal function]: Zend\Mvc\View\Http\DefaultRenderingStrategy->render(Object(Zend\Mvc\MvcEvent))
#5 D:\xampp\htdocs\web-ir\koscian\vendor\zendframework\zendframework\library\Zend\EventManager\EventManager.php(468): call_user_func(Array, Object(Zend\Mvc\MvcEvent))
#6 D:\xampp\htdocs\web-ir\koscian\vendor\zendframework\zendframework\library\Zend\EventManager\EventManager.php(207): Zend\EventManager\EventManager->triggerListeners('render', Object(Zend\Mvc\MvcEvent), Array)
#7 D:\xampp\htdocs\web-ir\koscian\vendor\zendframework\zendframework\library\Zend\Mvc\Application.php(352): Zend\EventManager\EventManager->trigger('render', Object(Zend\Mvc\MvcEvent))
#8 D:\xampp\htdocs\web-ir\koscian\vendor\zendframework\zendframework\library\Zend\Mvc\Application.php(327): Zend\Mvc\Application->completeRequest(Object(Zend\Mvc\MvcEvent))
#9 D:\xampp\htdocs\web-ir\koscian\public\index.php(17): Zend\Mvc\Application->run()
#10 {main}
2015-05-09T19:49:09+02:00 CRIT (2): exception 'Zend\View\Exception\RuntimeException' with message 'Zend\View\Renderer\PhpRenderer::render: Unable to render template "cms-ir/system/create-thumb"; resolver could not resolve to a file' in D:\xampp\htdocs\web-ir\koscian\vendor\zendframework\zendframework\library\Zend\View\Renderer\PhpRenderer.php:498
Stack trace:
#0 D:\xampp\htdocs\web-ir\koscian\vendor\zendframework\zendframework\library\Zend\View\View.php(205): Zend\View\Renderer\PhpRenderer->render(Object(Zend\View\Model\ViewModel))
#1 D:\xampp\htdocs\web-ir\koscian\vendor\zendframework\zendframework\library\Zend\View\View.php(233): Zend\View\View->render(Object(Zend\View\Model\ViewModel))
#2 D:\xampp\htdocs\web-ir\koscian\vendor\zendframework\zendframework\library\Zend\View\View.php(198): Zend\View\View->renderChildren(Object(Zend\View\Model\ViewModel))
#3 D:\xampp\htdocs\web-ir\koscian\vendor\zendframework\zendframework\library\Zend\Mvc\View\Http\DefaultRenderingStrategy.php(103): Zend\View\View->render(Object(Zend\View\Model\ViewModel))
#4 [internal function]: Zend\Mvc\View\Http\DefaultRenderingStrategy->render(Object(Zend\Mvc\MvcEvent))
#5 D:\xampp\htdocs\web-ir\koscian\vendor\zendframework\zendframework\library\Zend\EventManager\EventManager.php(468): call_user_func(Array, Object(Zend\Mvc\MvcEvent))
#6 D:\xampp\htdocs\web-ir\koscian\vendor\zendframework\zendframework\library\Zend\EventManager\EventManager.php(207): Zend\EventManager\EventManager->triggerListeners('render', Object(Zend\Mvc\MvcEvent), Array)
#7 D:\xampp\htdocs\web-ir\koscian\vendor\zendframework\zendframework\library\Zend\Mvc\Application.php(352): Zend\EventManager\EventManager->trigger('render', Object(Zend\Mvc\MvcEvent))
#8 D:\xampp\htdocs\web-ir\koscian\vendor\zendframework\zendframework\library\Zend\Mvc\Application.php(327): Zend\Mvc\Application->completeRequest(Object(Zend\Mvc\MvcEvent))
#9 D:\xampp\htdocs\web-ir\koscian\public\index.php(17): Zend\Mvc\Application->run()
#10 {main}
2015-05-09T19:50:06+02:00 CRIT (2): exception 'Zend\View\Exception\RuntimeException' with message 'Zend\View\Renderer\PhpRenderer::render: Unable to render template "cms-ir/system/create-thumb"; resolver could not resolve to a file' in D:\xampp\htdocs\web-ir\koscian\vendor\zendframework\zendframework\library\Zend\View\Renderer\PhpRenderer.php:498
Stack trace:
#0 D:\xampp\htdocs\web-ir\koscian\vendor\zendframework\zendframework\library\Zend\View\View.php(205): Zend\View\Renderer\PhpRenderer->render(Object(Zend\View\Model\ViewModel))
#1 D:\xampp\htdocs\web-ir\koscian\vendor\zendframework\zendframework\library\Zend\View\View.php(233): Zend\View\View->render(Object(Zend\View\Model\ViewModel))
#2 D:\xampp\htdocs\web-ir\koscian\vendor\zendframework\zendframework\library\Zend\View\View.php(198): Zend\View\View->renderChildren(Object(Zend\View\Model\ViewModel))
#3 D:\xampp\htdocs\web-ir\koscian\vendor\zendframework\zendframework\library\Zend\Mvc\View\Http\DefaultRenderingStrategy.php(103): Zend\View\View->render(Object(Zend\View\Model\ViewModel))
#4 [internal function]: Zend\Mvc\View\Http\DefaultRenderingStrategy->render(Object(Zend\Mvc\MvcEvent))
#5 D:\xampp\htdocs\web-ir\koscian\vendor\zendframework\zendframework\library\Zend\EventManager\EventManager.php(468): call_user_func(Array, Object(Zend\Mvc\MvcEvent))
#6 D:\xampp\htdocs\web-ir\koscian\vendor\zendframework\zendframework\library\Zend\EventManager\EventManager.php(207): Zend\EventManager\EventManager->triggerListeners('render', Object(Zend\Mvc\MvcEvent), Array)
#7 D:\xampp\htdocs\web-ir\koscian\vendor\zendframework\zendframework\library\Zend\Mvc\Application.php(352): Zend\EventManager\EventManager->trigger('render', Object(Zend\Mvc\MvcEvent))
#8 D:\xampp\htdocs\web-ir\koscian\vendor\zendframework\zendframework\library\Zend\Mvc\Application.php(327): Zend\Mvc\Application->completeRequest(Object(Zend\Mvc\MvcEvent))
#9 D:\xampp\htdocs\web-ir\koscian\public\index.php(17): Zend\Mvc\Application->run()
#10 {main}
2015-05-09T19:50:07+02:00 CRIT (2): exception 'Zend\View\Exception\RuntimeException' with message 'Zend\View\Renderer\PhpRenderer::render: Unable to render template "cms-ir/system/create-thumb"; resolver could not resolve to a file' in D:\xampp\htdocs\web-ir\koscian\vendor\zendframework\zendframework\library\Zend\View\Renderer\PhpRenderer.php:498
Stack trace:
#0 D:\xampp\htdocs\web-ir\koscian\vendor\zendframework\zendframework\library\Zend\View\View.php(205): Zend\View\Renderer\PhpRenderer->render(Object(Zend\View\Model\ViewModel))
#1 D:\xampp\htdocs\web-ir\koscian\vendor\zendframework\zendframework\library\Zend\View\View.php(233): Zend\View\View->render(Object(Zend\View\Model\ViewModel))
#2 D:\xampp\htdocs\web-ir\koscian\vendor\zendframework\zendframework\library\Zend\View\View.php(198): Zend\View\View->renderChildren(Object(Zend\View\Model\ViewModel))
#3 D:\xampp\htdocs\web-ir\koscian\vendor\zendframework\zendframework\library\Zend\Mvc\View\Http\DefaultRenderingStrategy.php(103): Zend\View\View->render(Object(Zend\View\Model\ViewModel))
#4 [internal function]: Zend\Mvc\View\Http\DefaultRenderingStrategy->render(Object(Zend\Mvc\MvcEvent))
#5 D:\xampp\htdocs\web-ir\koscian\vendor\zendframework\zendframework\library\Zend\EventManager\EventManager.php(468): call_user_func(Array, Object(Zend\Mvc\MvcEvent))
#6 D:\xampp\htdocs\web-ir\koscian\vendor\zendframework\zendframework\library\Zend\EventManager\EventManager.php(207): Zend\EventManager\EventManager->triggerListeners('render', Object(Zend\Mvc\MvcEvent), Array)
#7 D:\xampp\htdocs\web-ir\koscian\vendor\zendframework\zendframework\library\Zend\Mvc\Application.php(352): Zend\EventManager\EventManager->trigger('render', Object(Zend\Mvc\MvcEvent))
#8 D:\xampp\htdocs\web-ir\koscian\vendor\zendframework\zendframework\library\Zend\Mvc\Application.php(327): Zend\Mvc\Application->completeRequest(Object(Zend\Mvc\MvcEvent))
#9 D:\xampp\htdocs\web-ir\koscian\public\index.php(17): Zend\Mvc\Application->run()
#10 {main}
2015-05-09T19:50:32+02:00 CRIT (2): exception 'Zend\View\Exception\RuntimeException' with message 'Zend\View\Renderer\PhpRenderer::render: Unable to render template "cms-ir/system/create-thumb"; resolver could not resolve to a file' in D:\xampp\htdocs\web-ir\koscian\vendor\zendframework\zendframework\library\Zend\View\Renderer\PhpRenderer.php:498
Stack trace:
#0 D:\xampp\htdocs\web-ir\koscian\vendor\zendframework\zendframework\library\Zend\View\View.php(205): Zend\View\Renderer\PhpRenderer->render(Object(Zend\View\Model\ViewModel))
#1 D:\xampp\htdocs\web-ir\koscian\vendor\zendframework\zendframework\library\Zend\View\View.php(233): Zend\View\View->render(Object(Zend\View\Model\ViewModel))
#2 D:\xampp\htdocs\web-ir\koscian\vendor\zendframework\zendframework\library\Zend\View\View.php(198): Zend\View\View->renderChildren(Object(Zend\View\Model\ViewModel))
#3 D:\xampp\htdocs\web-ir\koscian\vendor\zendframework\zendframework\library\Zend\Mvc\View\Http\DefaultRenderingStrategy.php(103): Zend\View\View->render(Object(Zend\View\Model\ViewModel))
#4 [internal function]: Zend\Mvc\View\Http\DefaultRenderingStrategy->render(Object(Zend\Mvc\MvcEvent))
#5 D:\xampp\htdocs\web-ir\koscian\vendor\zendframework\zendframework\library\Zend\EventManager\EventManager.php(468): call_user_func(Array, Object(Zend\Mvc\MvcEvent))
#6 D:\xampp\htdocs\web-ir\koscian\vendor\zendframework\zendframework\library\Zend\EventManager\EventManager.php(207): Zend\EventManager\EventManager->triggerListeners('render', Object(Zend\Mvc\MvcEvent), Array)
#7 D:\xampp\htdocs\web-ir\koscian\vendor\zendframework\zendframework\library\Zend\Mvc\Application.php(352): Zend\EventManager\EventManager->trigger('render', Object(Zend\Mvc\MvcEvent))
#8 D:\xampp\htdocs\web-ir\koscian\vendor\zendframework\zendframework\library\Zend\Mvc\Application.php(327): Zend\Mvc\Application->completeRequest(Object(Zend\Mvc\MvcEvent))
#9 D:\xampp\htdocs\web-ir\koscian\public\index.php(17): Zend\Mvc\Application->run()
#10 {main}
2015-05-09T19:50:33+02:00 CRIT (2): exception 'Zend\View\Exception\RuntimeException' with message 'Zend\View\Renderer\PhpRenderer::render: Unable to render template "cms-ir/system/create-thumb"; resolver could not resolve to a file' in D:\xampp\htdocs\web-ir\koscian\vendor\zendframework\zendframework\library\Zend\View\Renderer\PhpRenderer.php:498
Stack trace:
#0 D:\xampp\htdocs\web-ir\koscian\vendor\zendframework\zendframework\library\Zend\View\View.php(205): Zend\View\Renderer\PhpRenderer->render(Object(Zend\View\Model\ViewModel))
#1 D:\xampp\htdocs\web-ir\koscian\vendor\zendframework\zendframework\library\Zend\View\View.php(233): Zend\View\View->render(Object(Zend\View\Model\ViewModel))
#2 D:\xampp\htdocs\web-ir\koscian\vendor\zendframework\zendframework\library\Zend\View\View.php(198): Zend\View\View->renderChildren(Object(Zend\View\Model\ViewModel))
#3 D:\xampp\htdocs\web-ir\koscian\vendor\zendframework\zendframework\library\Zend\Mvc\View\Http\DefaultRenderingStrategy.php(103): Zend\View\View->render(Object(Zend\View\Model\ViewModel))
#4 [internal function]: Zend\Mvc\View\Http\DefaultRenderingStrategy->render(Object(Zend\Mvc\MvcEvent))
#5 D:\xampp\htdocs\web-ir\koscian\vendor\zendframework\zendframework\library\Zend\EventManager\EventManager.php(468): call_user_func(Array, Object(Zend\Mvc\MvcEvent))
#6 D:\xampp\htdocs\web-ir\koscian\vendor\zendframework\zendframework\library\Zend\EventManager\EventManager.php(207): Zend\EventManager\EventManager->triggerListeners('render', Object(Zend\Mvc\MvcEvent), Array)
#7 D:\xampp\htdocs\web-ir\koscian\vendor\zendframework\zendframework\library\Zend\Mvc\Application.php(352): Zend\EventManager\EventManager->trigger('render', Object(Zend\Mvc\MvcEvent))
#8 D:\xampp\htdocs\web-ir\koscian\vendor\zendframework\zendframework\library\Zend\Mvc\Application.php(327): Zend\Mvc\Application->completeRequest(Object(Zend\Mvc\MvcEvent))
#9 D:\xampp\htdocs\web-ir\koscian\public\index.php(17): Zend\Mvc\Application->run()
#10 {main}
2015-05-09T19:51:56+02:00 CRIT (2): exception 'Zend\View\Exception\RuntimeException' with message 'Zend\View\Renderer\PhpRenderer::render: Unable to render template "cms-ir/system/create-thumb"; resolver could not resolve to a file' in D:\xampp\htdocs\web-ir\koscian\vendor\zendframework\zendframework\library\Zend\View\Renderer\PhpRenderer.php:498
Stack trace:
#0 D:\xampp\htdocs\web-ir\koscian\vendor\zendframework\zendframework\library\Zend\View\View.php(205): Zend\View\Renderer\PhpRenderer->render(Object(Zend\View\Model\ViewModel))
#1 D:\xampp\htdocs\web-ir\koscian\vendor\zendframework\zendframework\library\Zend\View\View.php(233): Zend\View\View->render(Object(Zend\View\Model\ViewModel))
#2 D:\xampp\htdocs\web-ir\koscian\vendor\zendframework\zendframework\library\Zend\View\View.php(198): Zend\View\View->renderChildren(Object(Zend\View\Model\ViewModel))
#3 D:\xampp\htdocs\web-ir\koscian\vendor\zendframework\zendframework\library\Zend\Mvc\View\Http\DefaultRenderingStrategy.php(103): Zend\View\View->render(Object(Zend\View\Model\ViewModel))
#4 [internal function]: Zend\Mvc\View\Http\DefaultRenderingStrategy->render(Object(Zend\Mvc\MvcEvent))
#5 D:\xampp\htdocs\web-ir\koscian\vendor\zendframework\zendframework\library\Zend\EventManager\EventManager.php(468): call_user_func(Array, Object(Zend\Mvc\MvcEvent))
#6 D:\xampp\htdocs\web-ir\koscian\vendor\zendframework\zendframework\library\Zend\EventManager\EventManager.php(207): Zend\EventManager\EventManager->triggerListeners('render', Object(Zend\Mvc\MvcEvent), Array)
#7 D:\xampp\htdocs\web-ir\koscian\vendor\zendframework\zendframework\library\Zend\Mvc\Application.php(352): Zend\EventManager\EventManager->trigger('render', Object(Zend\Mvc\MvcEvent))
#8 D:\xampp\htdocs\web-ir\koscian\vendor\zendframework\zendframework\library\Zend\Mvc\Application.php(327): Zend\Mvc\Application->completeRequest(Object(Zend\Mvc\MvcEvent))
#9 D:\xampp\htdocs\web-ir\koscian\public\index.php(17): Zend\Mvc\Application->run()
#10 {main}
2015-05-09T19:51:57+02:00 CRIT (2): exception 'Zend\View\Exception\RuntimeException' with message 'Zend\View\Renderer\PhpRenderer::render: Unable to render template "cms-ir/system/create-thumb"; resolver could not resolve to a file' in D:\xampp\htdocs\web-ir\koscian\vendor\zendframework\zendframework\library\Zend\View\Renderer\PhpRenderer.php:498
Stack trace:
#0 D:\xampp\htdocs\web-ir\koscian\vendor\zendframework\zendframework\library\Zend\View\View.php(205): Zend\View\Renderer\PhpRenderer->render(Object(Zend\View\Model\ViewModel))
#1 D:\xampp\htdocs\web-ir\koscian\vendor\zendframework\zendframework\library\Zend\View\View.php(233): Zend\View\View->render(Object(Zend\View\Model\ViewModel))
#2 D:\xampp\htdocs\web-ir\koscian\vendor\zendframework\zendframework\library\Zend\View\View.php(198): Zend\View\View->renderChildren(Object(Zend\View\Model\ViewModel))
#3 D:\xampp\htdocs\web-ir\koscian\vendor\zendframework\zendframework\library\Zend\Mvc\View\Http\DefaultRenderingStrategy.php(103): Zend\View\View->render(Object(Zend\View\Model\ViewModel))
#4 [internal function]: Zend\Mvc\View\Http\DefaultRenderingStrategy->render(Object(Zend\Mvc\MvcEvent))
#5 D:\xampp\htdocs\web-ir\koscian\vendor\zendframework\zendframework\library\Zend\EventManager\EventManager.php(468): call_user_func(Array, Object(Zend\Mvc\MvcEvent))
#6 D:\xampp\htdocs\web-ir\koscian\vendor\zendframework\zendframework\library\Zend\EventManager\EventManager.php(207): Zend\EventManager\EventManager->triggerListeners('render', Object(Zend\Mvc\MvcEvent), Array)
#7 D:\xampp\htdocs\web-ir\koscian\vendor\zendframework\zendframework\library\Zend\Mvc\Application.php(352): Zend\EventManager\EventManager->trigger('render', Object(Zend\Mvc\MvcEvent))
#8 D:\xampp\htdocs\web-ir\koscian\vendor\zendframework\zendframework\library\Zend\Mvc\Application.php(327): Zend\Mvc\Application->completeRequest(Object(Zend\Mvc\MvcEvent))
#9 D:\xampp\htdocs\web-ir\koscian\public\index.php(17): Zend\Mvc\Application->run()
#10 {main}
2015-05-09T19:52:51+02:00 CRIT (2): exception 'Zend\View\Exception\RuntimeException' with message 'Zend\View\Renderer\PhpRenderer::render: Unable to render template "cms-ir/system/create-thumb"; resolver could not resolve to a file' in D:\xampp\htdocs\web-ir\koscian\vendor\zendframework\zendframework\library\Zend\View\Renderer\PhpRenderer.php:498
Stack trace:
#0 D:\xampp\htdocs\web-ir\koscian\vendor\zendframework\zendframework\library\Zend\View\View.php(205): Zend\View\Renderer\PhpRenderer->render(Object(Zend\View\Model\ViewModel))
#1 D:\xampp\htdocs\web-ir\koscian\vendor\zendframework\zendframework\library\Zend\View\View.php(233): Zend\View\View->render(Object(Zend\View\Model\ViewModel))
#2 D:\xampp\htdocs\web-ir\koscian\vendor\zendframework\zendframework\library\Zend\View\View.php(198): Zend\View\View->renderChildren(Object(Zend\View\Model\ViewModel))
#3 D:\xampp\htdocs\web-ir\koscian\vendor\zendframework\zendframework\library\Zend\Mvc\View\Http\DefaultRenderingStrategy.php(103): Zend\View\View->render(Object(Zend\View\Model\ViewModel))
#4 [internal function]: Zend\Mvc\View\Http\DefaultRenderingStrategy->render(Object(Zend\Mvc\MvcEvent))
#5 D:\xampp\htdocs\web-ir\koscian\vendor\zendframework\zendframework\library\Zend\EventManager\EventManager.php(468): call_user_func(Array, Object(Zend\Mvc\MvcEvent))
#6 D:\xampp\htdocs\web-ir\koscian\vendor\zendframework\zendframework\library\Zend\EventManager\EventManager.php(207): Zend\EventManager\EventManager->triggerListeners('render', Object(Zend\Mvc\MvcEvent), Array)
#7 D:\xampp\htdocs\web-ir\koscian\vendor\zendframework\zendframework\library\Zend\Mvc\Application.php(352): Zend\EventManager\EventManager->trigger('render', Object(Zend\Mvc\MvcEvent))
#8 D:\xampp\htdocs\web-ir\koscian\vendor\zendframework\zendframework\library\Zend\Mvc\Application.php(327): Zend\Mvc\Application->completeRequest(Object(Zend\Mvc\MvcEvent))
#9 D:\xampp\htdocs\web-ir\koscian\public\index.php(17): Zend\Mvc\Application->run()
#10 {main}
2015-05-09T19:52:51+02:00 CRIT (2): exception 'Zend\View\Exception\RuntimeException' with message 'Zend\View\Renderer\PhpRenderer::render: Unable to render template "cms-ir/system/create-thumb"; resolver could not resolve to a file' in D:\xampp\htdocs\web-ir\koscian\vendor\zendframework\zendframework\library\Zend\View\Renderer\PhpRenderer.php:498
Stack trace:
#0 D:\xampp\htdocs\web-ir\koscian\vendor\zendframework\zendframework\library\Zend\View\View.php(205): Zend\View\Renderer\PhpRenderer->render(Object(Zend\View\Model\ViewModel))
#1 D:\xampp\htdocs\web-ir\koscian\vendor\zendframework\zendframework\library\Zend\View\View.php(233): Zend\View\View->render(Object(Zend\View\Model\ViewModel))
#2 D:\xampp\htdocs\web-ir\koscian\vendor\zendframework\zendframework\library\Zend\View\View.php(198): Zend\View\View->renderChildren(Object(Zend\View\Model\ViewModel))
#3 D:\xampp\htdocs\web-ir\koscian\vendor\zendframework\zendframework\library\Zend\Mvc\View\Http\DefaultRenderingStrategy.php(103): Zend\View\View->render(Object(Zend\View\Model\ViewModel))
#4 [internal function]: Zend\Mvc\View\Http\DefaultRenderingStrategy->render(Object(Zend\Mvc\MvcEvent))
#5 D:\xampp\htdocs\web-ir\koscian\vendor\zendframework\zendframework\library\Zend\EventManager\EventManager.php(468): call_user_func(Array, Object(Zend\Mvc\MvcEvent))
#6 D:\xampp\htdocs\web-ir\koscian\vendor\zendframework\zendframework\library\Zend\EventManager\EventManager.php(207): Zend\EventManager\EventManager->triggerListeners('render', Object(Zend\Mvc\MvcEvent), Array)
#7 D:\xampp\htdocs\web-ir\koscian\vendor\zendframework\zendframework\library\Zend\Mvc\Application.php(352): Zend\EventManager\EventManager->trigger('render', Object(Zend\Mvc\MvcEvent))
#8 D:\xampp\htdocs\web-ir\koscian\vendor\zendframework\zendframework\library\Zend\Mvc\Application.php(327): Zend\Mvc\Application->completeRequest(Object(Zend\Mvc\MvcEvent))
#9 D:\xampp\htdocs\web-ir\koscian\public\index.php(17): Zend\Mvc\Application->run()
#10 {main}
2015-05-09T19:53:07+02:00 CRIT (2): exception 'Zend\View\Exception\RuntimeException' with message 'Zend\View\Renderer\PhpRenderer::render: Unable to render template "cms-ir/system/create-thumb"; resolver could not resolve to a file' in D:\xampp\htdocs\web-ir\koscian\vendor\zendframework\zendframework\library\Zend\View\Renderer\PhpRenderer.php:498
Stack trace:
#0 D:\xampp\htdocs\web-ir\koscian\vendor\zendframework\zendframework\library\Zend\View\View.php(205): Zend\View\Renderer\PhpRenderer->render(Object(Zend\View\Model\ViewModel))
#1 D:\xampp\htdocs\web-ir\koscian\vendor\zendframework\zendframework\library\Zend\View\View.php(233): Zend\View\View->render(Object(Zend\View\Model\ViewModel))
#2 D:\xampp\htdocs\web-ir\koscian\vendor\zendframework\zendframework\library\Zend\View\View.php(198): Zend\View\View->renderChildren(Object(Zend\View\Model\ViewModel))
#3 D:\xampp\htdocs\web-ir\koscian\vendor\zendframework\zendframework\library\Zend\Mvc\View\Http\DefaultRenderingStrategy.php(103): Zend\View\View->render(Object(Zend\View\Model\ViewModel))
#4 [internal function]: Zend\Mvc\View\Http\DefaultRenderingStrategy->render(Object(Zend\Mvc\MvcEvent))
#5 D:\xampp\htdocs\web-ir\koscian\vendor\zendframework\zendframework\library\Zend\EventManager\EventManager.php(468): call_user_func(Array, Object(Zend\Mvc\MvcEvent))
#6 D:\xampp\htdocs\web-ir\koscian\vendor\zendframework\zendframework\library\Zend\EventManager\EventManager.php(207): Zend\EventManager\EventManager->triggerListeners('render', Object(Zend\Mvc\MvcEvent), Array)
#7 D:\xampp\htdocs\web-ir\koscian\vendor\zendframework\zendframework\library\Zend\Mvc\Application.php(352): Zend\EventManager\EventManager->trigger('render', Object(Zend\Mvc\MvcEvent))
#8 D:\xampp\htdocs\web-ir\koscian\vendor\zendframework\zendframework\library\Zend\Mvc\Application.php(327): Zend\Mvc\Application->completeRequest(Object(Zend\Mvc\MvcEvent))
#9 D:\xampp\htdocs\web-ir\koscian\public\index.php(17): Zend\Mvc\Application->run()
#10 {main}
2015-05-09T19:53:08+02:00 CRIT (2): exception 'Zend\View\Exception\RuntimeException' with message 'Zend\View\Renderer\PhpRenderer::render: Unable to render template "cms-ir/system/create-thumb"; resolver could not resolve to a file' in D:\xampp\htdocs\web-ir\koscian\vendor\zendframework\zendframework\library\Zend\View\Renderer\PhpRenderer.php:498
Stack trace:
#0 D:\xampp\htdocs\web-ir\koscian\vendor\zendframework\zendframework\library\Zend\View\View.php(205): Zend\View\Renderer\PhpRenderer->render(Object(Zend\View\Model\ViewModel))
#1 D:\xampp\htdocs\web-ir\koscian\vendor\zendframework\zendframework\library\Zend\View\View.php(233): Zend\View\View->render(Object(Zend\View\Model\ViewModel))
#2 D:\xampp\htdocs\web-ir\koscian\vendor\zendframework\zendframework\library\Zend\View\View.php(198): Zend\View\View->renderChildren(Object(Zend\View\Model\ViewModel))
#3 D:\xampp\htdocs\web-ir\koscian\vendor\zendframework\zendframework\library\Zend\Mvc\View\Http\DefaultRenderingStrategy.php(103): Zend\View\View->render(Object(Zend\View\Model\ViewModel))
#4 [internal function]: Zend\Mvc\View\Http\DefaultRenderingStrategy->render(Object(Zend\Mvc\MvcEvent))
#5 D:\xampp\htdocs\web-ir\koscian\vendor\zendframework\zendframework\library\Zend\EventManager\EventManager.php(468): call_user_func(Array, Object(Zend\Mvc\MvcEvent))
#6 D:\xampp\htdocs\web-ir\koscian\vendor\zendframework\zendframework\library\Zend\EventManager\EventManager.php(207): Zend\EventManager\EventManager->triggerListeners('render', Object(Zend\Mvc\MvcEvent), Array)
#7 D:\xampp\htdocs\web-ir\koscian\vendor\zendframework\zendframework\library\Zend\Mvc\Application.php(352): Zend\EventManager\EventManager->trigger('render', Object(Zend\Mvc\MvcEvent))
#8 D:\xampp\htdocs\web-ir\koscian\vendor\zendframework\zendframework\library\Zend\Mvc\Application.php(327): Zend\Mvc\Application->completeRequest(Object(Zend\Mvc\MvcEvent))
#9 D:\xampp\htdocs\web-ir\koscian\public\index.php(17): Zend\Mvc\Application->run()
#10 {main}
2015-05-09T20:01:01+02:00 CRIT (2): exception 'Zend\View\Exception\RuntimeException' with message 'Zend\View\Renderer\PhpRenderer::render: Unable to render template "cms-ir/system/create-thumb"; resolver could not resolve to a file' in D:\xampp\htdocs\web-ir\koscian\vendor\zendframework\zendframework\library\Zend\View\Renderer\PhpRenderer.php:498
Stack trace:
#0 D:\xampp\htdocs\web-ir\koscian\vendor\zendframework\zendframework\library\Zend\View\View.php(205): Zend\View\Renderer\PhpRenderer->render(Object(Zend\View\Model\ViewModel))
#1 D:\xampp\htdocs\web-ir\koscian\vendor\zendframework\zendframework\library\Zend\View\View.php(233): Zend\View\View->render(Object(Zend\View\Model\ViewModel))
#2 D:\xampp\htdocs\web-ir\koscian\vendor\zendframework\zendframework\library\Zend\View\View.php(198): Zend\View\View->renderChildren(Object(Zend\View\Model\ViewModel))
#3 D:\xampp\htdocs\web-ir\koscian\vendor\zendframework\zendframework\library\Zend\Mvc\View\Http\DefaultRenderingStrategy.php(103): Zend\View\View->render(Object(Zend\View\Model\ViewModel))
#4 [internal function]: Zend\Mvc\View\Http\DefaultRenderingStrategy->render(Object(Zend\Mvc\MvcEvent))
#5 D:\xampp\htdocs\web-ir\koscian\vendor\zendframework\zendframework\library\Zend\EventManager\EventManager.php(468): call_user_func(Array, Object(Zend\Mvc\MvcEvent))
#6 D:\xampp\htdocs\web-ir\koscian\vendor\zendframework\zendframework\library\Zend\EventManager\EventManager.php(207): Zend\EventManager\EventManager->triggerListeners('render', Object(Zend\Mvc\MvcEvent), Array)
#7 D:\xampp\htdocs\web-ir\koscian\vendor\zendframework\zendframework\library\Zend\Mvc\Application.php(352): Zend\EventManager\EventManager->trigger('render', Object(Zend\Mvc\MvcEvent))
#8 D:\xampp\htdocs\web-ir\koscian\vendor\zendframework\zendframework\library\Zend\Mvc\Application.php(327): Zend\Mvc\Application->completeRequest(Object(Zend\Mvc\MvcEvent))
#9 D:\xampp\htdocs\web-ir\koscian\public\index.php(17): Zend\Mvc\Application->run()
#10 {main}
2015-05-09T20:01:02+02:00 CRIT (2): exception 'Zend\View\Exception\RuntimeException' with message 'Zend\View\Renderer\PhpRenderer::render: Unable to render template "cms-ir/system/create-thumb"; resolver could not resolve to a file' in D:\xampp\htdocs\web-ir\koscian\vendor\zendframework\zendframework\library\Zend\View\Renderer\PhpRenderer.php:498
Stack trace:
#0 D:\xampp\htdocs\web-ir\koscian\vendor\zendframework\zendframework\library\Zend\View\View.php(205): Zend\View\Renderer\PhpRenderer->render(Object(Zend\View\Model\ViewModel))
#1 D:\xampp\htdocs\web-ir\koscian\vendor\zendframework\zendframework\library\Zend\View\View.php(233): Zend\View\View->render(Object(Zend\View\Model\ViewModel))
#2 D:\xampp\htdocs\web-ir\koscian\vendor\zendframework\zendframework\library\Zend\View\View.php(198): Zend\View\View->renderChildren(Object(Zend\View\Model\ViewModel))
#3 D:\xampp\htdocs\web-ir\koscian\vendor\zendframework\zendframework\library\Zend\Mvc\View\Http\DefaultRenderingStrategy.php(103): Zend\View\View->render(Object(Zend\View\Model\ViewModel))
#4 [internal function]: Zend\Mvc\View\Http\DefaultRenderingStrategy->render(Object(Zend\Mvc\MvcEvent))
#5 D:\xampp\htdocs\web-ir\koscian\vendor\zendframework\zendframework\library\Zend\EventManager\EventManager.php(468): call_user_func(Array, Object(Zend\Mvc\MvcEvent))
#6 D:\xampp\htdocs\web-ir\koscian\vendor\zendframework\zendframework\library\Zend\EventManager\EventManager.php(207): Zend\EventManager\EventManager->triggerListeners('render', Object(Zend\Mvc\MvcEvent), Array)
#7 D:\xampp\htdocs\web-ir\koscian\vendor\zendframework\zendframework\library\Zend\Mvc\Application.php(352): Zend\EventManager\EventManager->trigger('render', Object(Zend\Mvc\MvcEvent))
#8 D:\xampp\htdocs\web-ir\koscian\vendor\zendframework\zendframework\library\Zend\Mvc\Application.php(327): Zend\Mvc\Application->completeRequest(Object(Zend\Mvc\MvcEvent))
#9 D:\xampp\htdocs\web-ir\koscian\public\index.php(17): Zend\Mvc\Application->run()
#10 {main}
2015-05-09T20:06:29+02:00 CRIT (2): exception 'Zend\View\Exception\RuntimeException' with message 'Zend\View\Renderer\PhpRenderer::render: Unable to render template "cms-ir/system/create-thumb"; resolver could not resolve to a file' in D:\xampp\htdocs\web-ir\koscian\vendor\zendframework\zendframework\library\Zend\View\Renderer\PhpRenderer.php:498
Stack trace:
#0 D:\xampp\htdocs\web-ir\koscian\vendor\zendframework\zendframework\library\Zend\View\View.php(205): Zend\View\Renderer\PhpRenderer->render(Object(Zend\View\Model\ViewModel))
#1 D:\xampp\htdocs\web-ir\koscian\vendor\zendframework\zendframework\library\Zend\View\View.php(233): Zend\View\View->render(Object(Zend\View\Model\ViewModel))
#2 D:\xampp\htdocs\web-ir\koscian\vendor\zendframework\zendframework\library\Zend\View\View.php(198): Zend\View\View->renderChildren(Object(Zend\View\Model\ViewModel))
#3 D:\xampp\htdocs\web-ir\koscian\vendor\zendframework\zendframework\library\Zend\Mvc\View\Http\DefaultRenderingStrategy.php(103): Zend\View\View->render(Object(Zend\View\Model\ViewModel))
#4 [internal function]: Zend\Mvc\View\Http\DefaultRenderingStrategy->render(Object(Zend\Mvc\MvcEvent))
#5 D:\xampp\htdocs\web-ir\koscian\vendor\zendframework\zendframework\library\Zend\EventManager\EventManager.php(468): call_user_func(Array, Object(Zend\Mvc\MvcEvent))
#6 D:\xampp\htdocs\web-ir\koscian\vendor\zendframework\zendframework\library\Zend\EventManager\EventManager.php(207): Zend\EventManager\EventManager->triggerListeners('render', Object(Zend\Mvc\MvcEvent), Array)
#7 D:\xampp\htdocs\web-ir\koscian\vendor\zendframework\zendframework\library\Zend\Mvc\Application.php(352): Zend\EventManager\EventManager->trigger('render', Object(Zend\Mvc\MvcEvent))
#8 D:\xampp\htdocs\web-ir\koscian\vendor\zendframework\zendframework\library\Zend\Mvc\Application.php(327): Zend\Mvc\Application->completeRequest(Object(Zend\Mvc\MvcEvent))
#9 D:\xampp\htdocs\web-ir\koscian\public\index.php(17): Zend\Mvc\Application->run()
#10 {main}
2015-05-09T20:06:31+02:00 CRIT (2): exception 'Zend\View\Exception\RuntimeException' with message 'Zend\View\Renderer\PhpRenderer::render: Unable to render template "cms-ir/system/create-thumb"; resolver could not resolve to a file' in D:\xampp\htdocs\web-ir\koscian\vendor\zendframework\zendframework\library\Zend\View\Renderer\PhpRenderer.php:498
Stack trace:
#0 D:\xampp\htdocs\web-ir\koscian\vendor\zendframework\zendframework\library\Zend\View\View.php(205): Zend\View\Renderer\PhpRenderer->render(Object(Zend\View\Model\ViewModel))
#1 D:\xampp\htdocs\web-ir\koscian\vendor\zendframework\zendframework\library\Zend\View\View.php(233): Zend\View\View->render(Object(Zend\View\Model\ViewModel))
#2 D:\xampp\htdocs\web-ir\koscian\vendor\zendframework\zendframework\library\Zend\View\View.php(198): Zend\View\View->renderChildren(Object(Zend\View\Model\ViewModel))
#3 D:\xampp\htdocs\web-ir\koscian\vendor\zendframework\zendframework\library\Zend\Mvc\View\Http\DefaultRenderingStrategy.php(103): Zend\View\View->render(Object(Zend\View\Model\ViewModel))
#4 [internal function]: Zend\Mvc\View\Http\DefaultRenderingStrategy->render(Object(Zend\Mvc\MvcEvent))
#5 D:\xampp\htdocs\web-ir\koscian\vendor\zendframework\zendframework\library\Zend\EventManager\EventManager.php(468): call_user_func(Array, Object(Zend\Mvc\MvcEvent))
#6 D:\xampp\htdocs\web-ir\koscian\vendor\zendframework\zendframework\library\Zend\EventManager\EventManager.php(207): Zend\EventManager\EventManager->triggerListeners('render', Object(Zend\Mvc\MvcEvent), Array)
#7 D:\xampp\htdocs\web-ir\koscian\vendor\zendframework\zendframework\library\Zend\Mvc\Application.php(352): Zend\EventManager\EventManager->trigger('render', Object(Zend\Mvc\MvcEvent))
#8 D:\xampp\htdocs\web-ir\koscian\vendor\zendframework\zendframework\library\Zend\Mvc\Application.php(327): Zend\Mvc\Application->completeRequest(Object(Zend\Mvc\MvcEvent))
#9 D:\xampp\htdocs\web-ir\koscian\public\index.php(17): Zend\Mvc\Application->run()
#10 {main}
